#
# A fatal error has been detected by the Java Runtime Environment:
#
#  SIGSEGV (0xb) at pc=0x0000000104121ff3, pid=4458, tid=259
#
# JRE version: OpenJDK Runtime Environment (17.0.1+12) (build 17.0.1+12-39)
# Java VM: OpenJDK 64-Bit Server VM (17.0.1+12-39, mixed mode, sharing, tiered, compressed oops, compressed class ptrs, g1 gc, bsd-amd64)
# Problematic frame:
# V  [libjvm.dylib+0x837ff3]  MethodHandles::expand_MemberName(Handle, int, JavaThread*)+0x293
#
# No core dump will be written. Core dumps have been disabled. To enable core dumping, try "ulimit -c unlimited" before starting Java again
#
# If you would like to submit a bug report, please visit:
#   https://bugreport.java.com/bugreport/crash.jsp
#

---------------  S U M M A R Y ------------

Command Line: -javaagent:/Applications/IntelliJ IDEA.app/Contents/lib/idea_rt.jar=52213:/Applications/IntelliJ IDEA.app/Contents/bin -Dfile.encoding=UTF-8 --module-path=/Users/user/IdeaProjects/JigsawProject/target/classes:/Users/user/.m2/repository/org/openjfx/javafx-controls/17-ea+11/javafx-controls-17-ea+11-mac.jar:/Users/user/.m2/repository/org/openjfx/javafx-graphics/17-ea+11/javafx-graphics-17-ea+11-mac.jar:/Users/user/.m2/repository/org/openjfx/javafx-fxml/17-ea+11/javafx-fxml-17-ea+11-mac.jar:/Users/user/.m2/repository/org/openjfx/javafx-base/17-ea+11/javafx-base-17-ea+11-mac.jar -Djdk.module.main=com.example.jigsaw com.example.jigsaw/com.example.jigsaw.MainApplication

Host: "MacBookPro14,1" x86_64 2300 MHz, 4 cores, 8G, Darwin 21.3.0, macOS 12.2.1 (21D62)
Time: Mon Mar 28 23:28:09 2022 MSK elapsed time: 0.551916 seconds (0d 0h 0m 0s)

---------------  T H R E A D  ---------------

Current thread (0x00007f8d49944e00):  JavaThread "JavaFX Application Thread" [_thread_in_vm, id=259, stack(0x00007ff7bcfad000,0x00007ff7bd7ad000)]

Stack: [0x00007ff7bcfad000,0x00007ff7bd7ad000],  sp=0x00007ff7bd7a7780,  free space=8169k
Native frames: (J=compiled Java code, j=interpreted, Vv=VM code, C=native code)
V  [libjvm.dylib+0x837ff3]  MethodHandles::expand_MemberName(Handle, int, JavaThread*)+0x293
V  [libjvm.dylib+0x839276]  MHN_expand_Mem+0x166
j  java.lang.invoke.MethodHandleNatives.expand(Ljava/lang/invoke/MemberName;)V+0 java.base@17.0.1
J 134 c1 java.lang.invoke.MemberName.getMethodType()Ljava/lang/invoke/MethodType; java.base@17.0.1 (211 bytes) @ 0x000000010eabdb0c [0x000000010eabd900+0x000000000000020c]
j  java.lang.invoke.MemberName.checkForTypeAlias(Ljava/lang/Class;)V+30 java.base@17.0.1
J 461 c1 java.lang.invoke.MemberName$Factory.resolve(BLjava/lang/invoke/MemberName;Ljava/lang/Class;IZ)Ljava/lang/invoke/MemberName; java.base@17.0.1 (159 bytes) @ 0x000000010eb2ae74 [0x000000010eb2abc0+0x00000000000002b4]
j  java.lang.invoke.MemberName$Factory.resolveOrFail(BLjava/lang/invoke/MemberName;Ljava/lang/Class;ILjava/lang/Class;)Ljava/lang/invoke/MemberName;+31 java.base@17.0.1
j  java.lang.invoke.DirectMethodHandle.makePreparedLambdaForm(Ljava/lang/invoke/MethodType;I)Ljava/lang/invoke/LambdaForm;+330 java.base@17.0.1
j  java.lang.invoke.DirectMethodHandle.preparedLambdaForm(Ljava/lang/invoke/MethodType;I)Ljava/lang/invoke/LambdaForm;+17 java.base@17.0.1
j  java.lang.invoke.DirectMethodHandle.preparedLambdaForm(Ljava/lang/invoke/MemberName;Z)Ljava/lang/invoke/LambdaForm;+159 java.base@17.0.1
j  java.lang.invoke.DirectMethodHandle.preparedLambdaForm(Ljava/lang/invoke/MemberName;)Ljava/lang/invoke/LambdaForm;+2 java.base@17.0.1
j  java.lang.invoke.DirectMethodHandle.make(BLjava/lang/Class;Ljava/lang/invoke/MemberName;Ljava/lang/Class;)Ljava/lang/invoke/DirectMethodHandle;+163 java.base@17.0.1
j  java.lang.invoke.MethodHandles$Lookup.getDirectMethodCommon(BLjava/lang/Class;Ljava/lang/invoke/MemberName;ZZLjava/lang/invoke/MethodHandles$Lookup;)Ljava/lang/invoke/MethodHandle;+210 java.base@17.0.1
j  java.lang.invoke.MethodHandles$Lookup.getDirectMethodNoSecurityManager(BLjava/lang/Class;Ljava/lang/invoke/MemberName;Ljava/lang/invoke/MethodHandles$Lookup;)Ljava/lang/invoke/MethodHandle;+14 java.base@17.0.1
j  java.lang.invoke.MethodHandles$Lookup.getDirectMethodForConstant(BLjava/lang/Class;Ljava/lang/invoke/MemberName;)Ljava/lang/invoke/MethodHandle;+31 java.base@17.0.1
j  java.lang.invoke.MethodHandles$Lookup.linkMethodHandleConstant(BLjava/lang/Class;Ljava/lang/String;Ljava/lang/Object;)Ljava/lang/invoke/MethodHandle;+153 java.base@17.0.1
j  java.lang.invoke.MethodHandleNatives.linkMethodHandleConstant(Ljava/lang/Class;ILjava/lang/Class;Ljava/lang/String;Ljava/lang/Object;)Ljava/lang/invoke/MethodHandle;+38 java.base@17.0.1
v  ~StubRoutines::call_stub
V  [libjvm.dylib+0x503b61]  JavaCalls::call_helper(JavaValue*, methodHandle const&, JavaCallArguments*, JavaThread*)+0x2a1
V  [libjvm.dylib+0x503221]  JavaCalls::call_static(JavaValue*, Klass*, Symbol*, Symbol*, JavaCallArguments*, JavaThread*)+0x111
V  [libjvm.dylib+0x9b25cf]  SystemDictionary::link_method_handle_constant(Klass*, int, Klass*, Symbol*, Symbol*, JavaThread*)+0x3ef
V  [libjvm.dylib+0x33f782]  ConstantPool::resolve_constant_at_impl(constantPoolHandle const&, int, int, bool*, JavaThread*)+0x912
V  [libjvm.dylib+0x33fbe8]  ConstantPool::copy_bootstrap_arguments_at_impl(constantPoolHandle const&, int, int, int, objArrayHandle, int, bool, Handle, JavaThread*)+0x1b8
V  [libjvm.dylib+0x1c5f86]  BootstrapInfo::resolve_args(JavaThread*)+0x486
V  [libjvm.dylib+0x1c5a5c]  BootstrapInfo::resolve_bsm(JavaThread*)+0x26c
V  [libjvm.dylib+0x9b267d]  SystemDictionary::invoke_bootstrap_method(BootstrapInfo&, JavaThread*)+0x2d
V  [libjvm.dylib+0x7169de]  LinkResolver::resolve_dynamic_call(CallInfo&, BootstrapInfo&, JavaThread*)+0x1e
V  [libjvm.dylib+0x7163e0]  LinkResolver::resolve_invokedynamic(CallInfo&, constantPoolHandle const&, int, JavaThread*)+0x80
V  [libjvm.dylib+0x4fd604]  InterpreterRuntime::resolve_invokedynamic(JavaThread*)+0x174
V  [libjvm.dylib+0x4fd6e7]  InterpreterRuntime::resolve_from_cache(JavaThread*, Bytecodes::Code)+0x77
j  com.sun.javafx.tk.quantum.QuantumRenderer.createResourceFactory()V+16 javafx.graphics
j  com.sun.javafx.tk.quantum.QuantumToolkit.runToolkit()V+40 javafx.graphics
j  com.sun.javafx.tk.quantum.QuantumToolkit.lambda$startup$10()V+1 javafx.graphics
j  com.sun.javafx.tk.quantum.QuantumToolkit$$Lambda$72+0x0000000800c2a1a0.run()V+4 javafx.graphics
j  com.sun.glass.ui.Application.lambda$run$1(Ljava/lang/Runnable;)V+4 javafx.graphics
j  com.sun.glass.ui.Application$$Lambda$77+0x0000000800c2ca90.run()V+4 javafx.graphics
j  com.sun.glass.ui.mac.MacApplication.lambda$runLoop$3(Ljava/lang/Runnable;)V+12 javafx.graphics
j  com.sun.glass.ui.mac.MacApplication$$Lambda$78+0x0000000800c2ccb8.run()V+8 javafx.graphics
v  ~StubRoutines::call_stub
V  [libjvm.dylib+0x503b61]  JavaCalls::call_helper(JavaValue*, methodHandle const&, JavaCallArguments*, JavaThread*)+0x2a1
V  [libjvm.dylib+0x55d4f6]  jni_invoke_nonstatic(JNIEnv_*, JavaValue*, _jobject*, JNICallType, _jmethodID*, JNI_ArgumentPusher*, JavaThread*)+0x2d6
V  [libjvm.dylib+0x5619d6]  jni_CallVoidMethod+0x1a6
C  [libglass.dylib+0x91e2]  -[GlassApplication applicationWillFinishLaunching:]+0x192
C  [CoreFoundation+0x75f23]  __CFNOTIFICATIONCENTER_IS_CALLING_OUT_TO_AN_OBSERVER__+0xc
C  [CoreFoundation+0x1133f9]  ___CFXRegistrationPost_block_invoke+0x31
C  [CoreFoundation+0x113376]  _CFXRegistrationPost+0x1f0
C  [CoreFoundation+0x47836]  _CFXNotificationPost+0x2dd
C  [Foundation+0x91be]  -[NSNotificationCenter postNotificationName:object:userInfo:]+0x52
C  [AppKit+0x2fbbf]  -[NSApplication finishLaunching]+0x146
C  [AppKit+0x2f7c9]  -[NSApplication run]+0xfa
C  [libglass.dylib+0xaed7]  -[GlassApplication runLoop:]+0x767
C  [Foundation+0x80b03]  __NSThreadPerformPerform+0xb3
C  [CoreFoundation+0x808fd]  __CFRUNLOOP_IS_CALLING_OUT_TO_A_SOURCE0_PERFORM_FUNCTION__+0x11
C  [CoreFoundation+0x80865]  __CFRunLoopDoSource0+0xb4
C  [CoreFoundation+0x805e4]  __CFRunLoopDoSources0+0xf2
C  [CoreFoundation+0x7f01b]  __CFRunLoopRun+0x37d
C  [CoreFoundation+0x7e5dd]  CFRunLoopRunSpecific+0x233
C  [libjli.dylib+0x70b2]  CreateExecutionEnvironment+0x182
C  [libjli.dylib+0x2c15]  JLI_Launch+0x585
C  [java+0x3c01]  main+0x191
C  0x000000010e4514fe

Java frames: (J=compiled Java code, j=interpreted, Vv=VM code)
j  java.lang.invoke.MethodHandleNatives.expand(Ljava/lang/invoke/MemberName;)V+0 java.base@17.0.1
J 134 c1 java.lang.invoke.MemberName.getMethodType()Ljava/lang/invoke/MethodType; java.base@17.0.1 (211 bytes) @ 0x000000010eabdb0c [0x000000010eabd900+0x000000000000020c]
j  java.lang.invoke.MemberName.checkForTypeAlias(Ljava/lang/Class;)V+30 java.base@17.0.1
J 461 c1 java.lang.invoke.MemberName$Factory.resolve(BLjava/lang/invoke/MemberName;Ljava/lang/Class;IZ)Ljava/lang/invoke/MemberName; java.base@17.0.1 (159 bytes) @ 0x000000010eb2ae74 [0x000000010eb2abc0+0x00000000000002b4]
j  java.lang.invoke.MemberName$Factory.resolveOrFail(BLjava/lang/invoke/MemberName;Ljava/lang/Class;ILjava/lang/Class;)Ljava/lang/invoke/MemberName;+31 java.base@17.0.1
j  java.lang.invoke.DirectMethodHandle.makePreparedLambdaForm(Ljava/lang/invoke/MethodType;I)Ljava/lang/invoke/LambdaForm;+330 java.base@17.0.1
j  java.lang.invoke.DirectMethodHandle.preparedLambdaForm(Ljava/lang/invoke/MethodType;I)Ljava/lang/invoke/LambdaForm;+17 java.base@17.0.1
j  java.lang.invoke.DirectMethodHandle.preparedLambdaForm(Ljava/lang/invoke/MemberName;Z)Ljava/lang/invoke/LambdaForm;+159 java.base@17.0.1
j  java.lang.invoke.DirectMethodHandle.preparedLambdaForm(Ljava/lang/invoke/MemberName;)Ljava/lang/invoke/LambdaForm;+2 java.base@17.0.1
j  java.lang.invoke.DirectMethodHandle.make(BLjava/lang/Class;Ljava/lang/invoke/MemberName;Ljava/lang/Class;)Ljava/lang/invoke/DirectMethodHandle;+163 java.base@17.0.1
j  java.lang.invoke.MethodHandles$Lookup.getDirectMethodCommon(BLjava/lang/Class;Ljava/lang/invoke/MemberName;ZZLjava/lang/invoke/MethodHandles$Lookup;)Ljava/lang/invoke/MethodHandle;+210 java.base@17.0.1
j  java.lang.invoke.MethodHandles$Lookup.getDirectMethodNoSecurityManager(BLjava/lang/Class;Ljava/lang/invoke/MemberName;Ljava/lang/invoke/MethodHandles$Lookup;)Ljava/lang/invoke/MethodHandle;+14 java.base@17.0.1
j  java.lang.invoke.MethodHandles$Lookup.getDirectMethodForConstant(BLjava/lang/Class;Ljava/lang/invoke/MemberName;)Ljava/lang/invoke/MethodHandle;+31 java.base@17.0.1
j  java.lang.invoke.MethodHandles$Lookup.linkMethodHandleConstant(BLjava/lang/Class;Ljava/lang/String;Ljava/lang/Object;)Ljava/lang/invoke/MethodHandle;+153 java.base@17.0.1
j  java.lang.invoke.MethodHandleNatives.linkMethodHandleConstant(Ljava/lang/Class;ILjava/lang/Class;Ljava/lang/String;Ljava/lang/Object;)Ljava/lang/invoke/MethodHandle;+38 java.base@17.0.1
v  ~StubRoutines::call_stub
j  com.sun.javafx.tk.quantum.QuantumRenderer.createResourceFactory()V+16 javafx.graphics
j  com.sun.javafx.tk.quantum.QuantumToolkit.runToolkit()V+40 javafx.graphics
j  com.sun.javafx.tk.quantum.QuantumToolkit.lambda$startup$10()V+1 javafx.graphics
j  com.sun.javafx.tk.quantum.QuantumToolkit$$Lambda$72+0x0000000800c2a1a0.run()V+4 javafx.graphics
j  com.sun.glass.ui.Application.lambda$run$1(Ljava/lang/Runnable;)V+4 javafx.graphics
j  com.sun.glass.ui.Application$$Lambda$77+0x0000000800c2ca90.run()V+4 javafx.graphics
j  com.sun.glass.ui.mac.MacApplication.lambda$runLoop$3(Ljava/lang/Runnable;)V+12 javafx.graphics
j  com.sun.glass.ui.mac.MacApplication$$Lambda$78+0x0000000800c2ccb8.run()V+8 javafx.graphics
v  ~StubRoutines::call_stub

siginfo: si_signo: 11 (SIGSEGV), si_code: 1 (SEGV_MAPERR), si_addr: 0x0000000000000006

Register to memory mapping:

RAX=0xfffffffffffffffe is an unknown value
RBX=0x0000600001eb87e0 points into unknown readable memory: 0x0000001e00000009 | 09 00 00 00 1e 00 00 00
RCX=0x0000000000000008 is an unknown value
RDX=4041877723 is a compressed pointer to object: java.lang.invoke.ResolvedMethodName 
{0x00000007875146d8} - klass: 'java/lang/invoke/ResolvedMethodName'
 - ---- fields (total size 3 words):
RSP=0x00007ff7bd7a7780 is pointing into the stack for thread: 0x00007f8d49944e00
RBP=0x00007ff7bd7a77e0 is pointing into the stack for thread: 0x00007f8d49944e00
RSI=0x0000000000000008 is an unknown value
RDI=0x00000007875146d8 is an oop: java.lang.invoke.ResolvedMethodName 
{0x00000007875146d8} - klass: 'java/lang/invoke/ResolvedMethodName'
 - ---- fields (total size 3 words):
R8 =0x000000000003ae46 is an unknown value
R9 =0xffffffff00000000 is an unknown value
R10=0x000000010e51150b is at code_begin+843 in an Interpreter codelet
method entry point (kind = native)  [0x000000010e5111c0, 0x000000010e511a20]  2144 bytes
R11=0x00000007ffe06030 is an oop: java.lang.Class 
{0x00000007ffe06030} - klass: 'java/lang/Class'
 - ---- fields (total size 15 words):
 - private volatile transient 'classRedefinedCount' 'I' @12  0
 - private volatile transient 'cachedConstructor' 'Ljava/lang/reflect/Constructor;' @40  NULL (0)
 - private transient 'name' 'Ljava/lang/String;' @44  NULL (0)
 - private transient 'module' 'Ljava/lang/Module;' @48  a 'java/lang/Module'{0x0000000787f335d0} (f0fe66ba)
 - private final 'classLoader' 'Ljava/lang/ClassLoader;' @52  NULL (0)
 - private transient 'classData' 'Ljava/lang/Object;' @56  NULL (0)
 - private transient 'packageName' 'Ljava/lang/String;' @60  NULL (0)
 - private final 'componentType' 'Ljava/lang/Class;' @64  NULL (0)
 - private volatile transient 'reflectionData' 'Ljava/lang/ref/SoftReference;' @68  NULL (0)
 - private volatile transient 'genericInfo' 'Lsun/reflect/generics/repository/ClassRepository;' @72  NULL (0)
 - private volatile transient 'enumConstants' '[Ljava/lang/Object;' @76  NULL (0)
 - private volatile transient 'enumConstantDirectory' 'Ljava/util/Map;' @80  NULL (0)
 - private volatile transient 'annotationData' 'Ljava/lang/Class$AnnotationData;' @84  NULL (0)
 - private volatile transient 'annotationType' 'Lsun/reflect/annotation/AnnotationType;' @88  NULL (0)
 - transient 'classValueMap' 'Ljava/lang/ClassValue$ClassValueMap;' @92  NULL (0)
 - signature: Ljava/lang/invoke/MethodHandleNatives;
 - fake entry for mirror: 'java/lang/invoke/MethodHandleNatives'
 - fake entry for array: NULL
 - fake entry for oop_size: 15
 - fake entry for static_oop_field_count: 1
 - private static final 'JLA' 'Ljdk/internal/access/JavaLangAccess;' @112  a 'java/lang/System$2'{0x0000000787f03130} (f0fe0626)
 - static final synthetic '$assertionsDisabled' 'Z' @116  true
R12=0x00007f8d49944e00 is a thread
R13=0x00006000021f84a0 points into unknown readable memory: 0x00000007875146d8 | d8 46 51 87 07 00 00 00
R14=0xfffffffffffffffe is an unknown value
R15=0x00000007ffe05b01 is pointing into object: java.lang.Class 
{0x00000007ffe05af0} - klass: 'java/lang/Class'
 - ---- fields (total size 15 words):
 - private volatile transient 'classRedefinedCount' 'I' @12  0
 - private volatile transient 'cachedConstructor' 'Ljava/lang/reflect/Constructor;' @40  NULL (0)
 - private transient 'name' 'Ljava/lang/String;' @44  NULL (0)
 - private transient 'module' 'Ljava/lang/Module;' @48  a 'java/lang/Module'{0x0000000787f335d0} (f0fe66ba)
 - private final 'classLoader' 'Ljava/lang/ClassLoader;' @52  NULL (0)
 - private transient 'classData' 'Ljava/lang/Object;' @56  NULL (0)
 - private transient 'packageName' 'Ljava/lang/String;' @60  NULL (0)
 - private final 'componentType' 'Ljava/lang/Class;' @64  [I{0x0000000787f00580} (f0fe00b0)
 - private volatile transient 'reflectionData' 'Ljava/lang/ref/SoftReference;' @68  NULL (0)
 - private volatile transient 'genericInfo' 'Lsun/reflect/generics/repository/ClassRepository;' @72  NULL (0)
 - private volatile transient 'enumConstants' '[Ljava/lang/Object;' @76  NULL (0)
 - private volatile transient 'enumConstantDirectory' 'Ljava/util/Map;' @80  NULL (0)
 - private volatile transient 'annotationData' 'Ljava/lang/Class$AnnotationData;' @84  NULL (0)
 - private volatile transient 'annotationType' 'Lsun/reflect/annotation/AnnotationType;' @88  NULL (0)
 - transient 'classValueMap' 'Ljava/lang/ClassValue$ClassValueMap;' @92  NULL (0)
 - signature: Ljava/lang/invoke/MutableCallSite;
 - fake entry for mirror: 'java/lang/invoke/MutableCallSite'
 - fake entry for array: NULL
 - fake entry for oop_size: 15
 - fake entry for static_oop_field_count: 1
 - private static final 'STORE_BARRIER' 'Ljava/util/concurrent/atomic/AtomicInteger;' @112  NULL (0)


Registers:
RAX=0xfffffffffffffffe, RBX=0x0000600001eb87e0, RCX=0x0000000000000008, RDX=0x00000000f0ea28db
RSP=0x00007ff7bd7a7780, RBP=0x00007ff7bd7a77e0, RSI=0x0000000000000008, RDI=0x00000007875146d8
R8 =0x000000000003ae46, R9 =0xffffffff00000000, R10=0x000000010e51150b, R11=0x00000007ffe06030
R12=0x00007f8d49944e00, R13=0x00006000021f84a0, R14=0xfffffffffffffffe, R15=0x00000007ffe05b01
RIP=0x0000000104121ff3, EFLAGS=0x0000000000010246, ERR=0x0000000000000004
  TRAPNO=0x000000000000000e

Top of Stack: (sp=0x00007ff7bd7a7780)
0x00007ff7bd7a7780:   00006000021f84a0 0000000000000000
0x00007ff7bd7a7790:   00007f8d49944e00 fffffffffffffffe
0x00007ff7bd7a77a0:   00007f8d49944e00 00000008006bf9b0
0x00007ff7bd7a77b0:   00000007ffe05b00 00000008000d8310
0x00007ff7bd7a77c0:   00007f8d49944e00 00000008006bf9b0
0x00007ff7bd7a77d0:   00000007875146d8 0000600000bc35c0
0x00007ff7bd7a77e0:   00007ff7bd7a7810 0000000104123276
0x00007ff7bd7a77f0:   00000008000d8310 0000000000000000
0x00007ff7bd7a7800:   00007ff7bd7a7898 00007f8d49944e00
0x00007ff7bd7a7810:   00007ff7bd7a7878 000000010e51153a
0x00007ff7bd7a7820:   000000010eabd920 000000010e511276
0x00007ff7bd7a7830:   00007ff7bd7a7830 00000008006bf9b0
0x00007ff7bd7a7840:   00007ff7bd7a7898 00000008000d64c8
0x00007ff7bd7a7850:   0000000000000000 00000007ffe06030
0x00007ff7bd7a7860:   00000008000d8310 0000000000000000
0x00007ff7bd7a7870:   00007ff7bd7a78a0 00007ff7bd7a79c0
0x00007ff7bd7a7880:   000000010eabdb0c 00000007ffe06030
0x00007ff7bd7a7890:   000000010e50ef78 00000007875146d8
0x00007ff7bd7a78a0:   00007f8d480d6e20 00000008000bdd40
0x00007ff7bd7a78b0:   00006000021f83c0 0000000000000000
0x00007ff7bd7a78c0:   00006000021f83c0 00007f8d49944e00
0x00007ff7bd7a78d0:   00007ff7bd7a78f0 0000000103a419c8
0x00007ff7bd7a78e0:   00007ff7bd7a81a0 00007f8d479205e0
0x00007ff7bd7a78f0:   00007ff7bd7a7930 00000001041235a0
0x00007ff7bd7a7900:   ffffffff00000000 00000008000d7ef8
0x00007ff7bd7a7910:   0000000000000000 00000007875146d8
0x00007ff7bd7a7920:   00000007875146d8 0000000000000000
0x00007ff7bd7a7930:   0000000000000000 000000010e51197d
0x00007ff7bd7a7940:   00000008000d2528 0000000000000006
0x00007ff7bd7a7950:   00007ff7bd7a79c0 000000010e50d23e
0x00007ff7bd7a7960:   000000010e50d23e 00000007875146d8
0x00007ff7bd7a7970:   00000007875146d8 00007ff7bd7a7978 

Instructions: (pc=0x0000000104121ff3)
0x0000000104121ef3:   00 00 00 ff 15 84 56 42 00 48 89 c6 e9 d9 00 00
0x0000000104121f03:   00 48 8b 45 a0 48 85 c0 88 4d d0 45 89 f4 74 72
0x0000000104121f13:   49 89 c7 48 8b 38 e8 92 46 cd ff 48 85 c0 74 71
0x0000000104121f23:   48 8d 0d e6 38 46 00 8b 31 48 89 c7 e8 3c b5 03
0x0000000104121f33:   00 49 89 c6 4d 85 ff 0f 84 ea 00 00 00 4d 89 fd
0x0000000104121f43:   49 8b 3f e9 e4 00 00 00 31 ff e8 be 42 cd ff 48
0x0000000104121f53:   85 c0 4c 8b 65 b0 0f 85 30 ff ff ff 48 8d 05 4a
0x0000000104121f63:   84 47 00 48 8b 88 38 04 00 00 48 8d 35 3a 43 2f
0x0000000104121f73:   00 4c 8d 05 12 45 2f 00 4c 89 e7 ba 70 03 00 00
0x0000000104121f83:   eb 34 49 89 c7 31 ff e8 21 46 cd ff 48 85 c0 75
0x0000000104121f93:   8f 48 8d 05 15 84 47 00 48 8b 88 38 04 00 00 48
0x0000000104121fa3:   8d 35 05 43 2f 00 4c 8d 05 ef 44 2f 00 48 8b 7d
0x0000000104121fb3:   b0 ba 87 03 00 00 48 83 c4 38 5b 41 5c 41 5d 41
0x0000000104121fc3:   5e 41 5f 5d e9 04 6e ba ff 31 db 48 8b 78 70 48
0x0000000104121fd3:   85 ff 0f 85 1b ff ff ff 31 f6 48 89 df e8 bb 6c
0x0000000104121fe3:   cd ff 80 7d a8 00 0f 85 2c 01 00 00 48 8b 45 b8
0x0000000104121ff3:   48 8b 40 08 48 8b 48 08 0f b7 40 22 48 8b 7c c1
0x0000000104122003:   48 4c 89 e6 e8 84 6d 11 00 49 83 7c 24 08 00 0f
0x0000000104122013:   85 4c 01 00 00 4d 85 ed 0f 84 f0 00 00 00 49 8b
0x0000000104122023:   7d 00 e9 e9 00 00 00 4d 89 fd 31 ff e8 7c 6d cd
0x0000000104122033:   ff 83 e3 08 c1 eb 03 c7 45 b8 00 00 00 00 4c 8d
0x0000000104122043:   7d c0 48 c7 45 c0 00 00 00 00 48 c7 45 c8 00 00
0x0000000104122053:   00 00 48 8d 4d b8 4c 89 f7 89 c6 89 da e8 3b ab
0x0000000104122063:   ca ff 84 c0 74 74 45 84 e4 4c 8b 75 b0 0f 85 10
0x0000000104122073:   01 00 00 48 8b 45 c0 48 8b 48 18 48 63 55 bc 48
0x0000000104122083:   8b 89 c8 01 00 00 48 8d 14 52 0f b7 74 91 06 0f
0x0000000104122093:   b7 4c 91 04 48 8d 14 f5 00 00 00 00 48 03 15 92
0x00000001041220a3:   00 36 00 f7 c1 00 04 00 00 48 8d 44 f0 48 48 0f
0x00000001041220b3:   45 c2 48 8b 38 4c 89 f6 e8 d0 6c 11 00 49 83 7e
0x00000001041220c3:   08 00 0f 85 59 02 00 00 4d 85 ed 0f 84 a8 00 00
0x00000001041220d3:   00 49 8b 7d 00 e9 a1 00 00 00 4c 89 ff e8 6b b4
0x00000001041220e3:   c6 ff 48 8d 05 c4 82 47 00 48 8b 88 28 05 00 00 


Stack slot to memory mapping:
stack at sp + 0 slots: 0x00006000021f84a0 points into unknown readable memory: 0x00000007875146d8 | d8 46 51 87 07 00 00 00
stack at sp + 1 slots: 0x0 is NULL
stack at sp + 2 slots: 0x00007f8d49944e00 is a thread
stack at sp + 3 slots: 0xfffffffffffffffe is an unknown value
stack at sp + 4 slots: 0x00007f8d49944e00 is a thread
stack at sp + 5 slots: 0x00000008006bf9b0 is pointing into metadata
stack at sp + 6 slots: 0x00000007ffe05b00 is pointing into object: java.lang.Class 
{0x00000007ffe05af0} - klass: 'java/lang/Class'
 - ---- fields (total size 15 words):
 - private volatile transient 'classRedefinedCount' 'I' @12  0
 - private volatile transient 'cachedConstructor' 'Ljava/lang/reflect/Constructor;' @40  NULL (0)
 - private transient 'name' 'Ljava/lang/String;' @44  NULL (0)
 - private transient 'module' 'Ljava/lang/Module;' @48  a 'java/lang/Module'{0x0000000787f335d0} (f0fe66ba)
 - private final 'classLoader' 'Ljava/lang/ClassLoader;' @52  NULL (0)
 - private transient 'classData' 'Ljava/lang/Object;' @56  NULL (0)
 - private transient 'packageName' 'Ljava/lang/String;' @60  NULL (0)
 - private final 'componentType' 'Ljava/lang/Class;' @64  [I{0x0000000787f00580} (f0fe00b0)
 - private volatile transient 'reflectionData' 'Ljava/lang/ref/SoftReference;' @68  NULL (0)
 - private volatile transient 'genericInfo' 'Lsun/reflect/generics/repository/ClassRepository;' @72  NULL (0)
 - private volatile transient 'enumConstants' '[Ljava/lang/Object;' @76  NULL (0)
 - private volatile transient 'enumConstantDirectory' 'Ljava/util/Map;' @80  NULL (0)
 - private volatile transient 'annotationData' 'Ljava/lang/Class$AnnotationData;' @84  NULL (0)
 - private volatile transient 'annotationType' 'Lsun/reflect/annotation/AnnotationType;' @88  NULL (0)
 - transient 'classValueMap' 'Ljava/lang/ClassValue$ClassValueMap;' @92  NULL (0)
 - signature: Ljava/lang/invoke/MutableCallSite;
 - fake entry for mirror: 'java/lang/invoke/MutableCallSite'
 - fake entry for array: NULL
 - fake entry for oop_size: 15
 - fake entry for static_oop_field_count: 1
 - private static final 'STORE_BARRIER' 'Ljava/util/concurrent/atomic/AtomicInteger;' @112  NULL (0)
stack at sp + 7 slots: {method} {0x00000008000d8310} 'expand' '(Ljava/lang/invoke/MemberName;)V' in 'java/lang/invoke/MethodHandleNatives'


---------------  P R O C E S S  ---------------

Threads class SMR info:
_java_thread_list=0x0000600001eb35e0, length=15, elements={
0x00007f8d4880da00, 0x00007f8d4883f000, 0x00007f8d4702fa00, 0x00007f8d48848a00,
0x00007f8d48842800, 0x00007f8d48845a00, 0x00007f8d48846000, 0x00007f8d48022400,
0x00007f8d47031000, 0x00007f8d4702ea00, 0x00007f8d48843800, 0x00007f8d48008800,
0x00007f8d48086c00, 0x00007f8d47189c00, 0x00007f8d49944e00
}

Java Threads: ( => current thread )
  0x00007f8d4880da00 JavaThread "main" [_thread_blocked, id=6147, stack(0x000070000e681000,0x000070000e781000)]
  0x00007f8d4883f000 JavaThread "Reference Handler" daemon [_thread_blocked, id=16131, stack(0x000070000ed96000,0x000070000ee96000)]
  0x00007f8d4702fa00 JavaThread "Finalizer" daemon [_thread_blocked, id=15107, stack(0x000070000ee99000,0x000070000ef99000)]
  0x00007f8d48848a00 JavaThread "Signal Dispatcher" daemon [_thread_blocked, id=42499, stack(0x000070000f0a2000,0x000070000f1a2000)]
  0x00007f8d48842800 JavaThread "Service Thread" daemon [_thread_blocked, id=42243, stack(0x000070000f1a5000,0x000070000f2a5000)]
  0x00007f8d48845a00 JavaThread "Monitor Deflation Thread" daemon [_thread_blocked, id=23299, stack(0x000070000f2a8000,0x000070000f3a8000)]
  0x00007f8d48846000 JavaThread "C2 CompilerThread0" daemon [_thread_blocked, id=23555, stack(0x000070000f3ab000,0x000070000f4ab000)]
  0x00007f8d48022400 JavaThread "C1 CompilerThread0" daemon [_thread_blocked, id=41475, stack(0x000070000f4ae000,0x000070000f5ae000)]
  0x00007f8d47031000 JavaThread "Sweeper thread" daemon [_thread_blocked, id=24067, stack(0x000070000f5b1000,0x000070000f6b1000)]
  0x00007f8d4702ea00 JavaThread "Common-Cleaner" daemon [_thread_blocked, id=40707, stack(0x000070000f6b4000,0x000070000f7b4000)]
  0x00007f8d48843800 JavaThread "Monitor Ctrl-Break" daemon [_thread_in_native, id=24323, stack(0x000070000f7b7000,0x000070000f8b7000)]
  0x00007f8d48008800 JavaThread "Notification Thread" daemon [_thread_blocked, id=24579, stack(0x000070000f8ba000,0x000070000f9ba000)]
  0x00007f8d48086c00 JavaThread "QuantumRenderer-0" daemon [_thread_blocked, id=39683, stack(0x000070000fac0000,0x000070000fbc0000)]
  0x00007f8d47189c00 JavaThread "InvokeLaterDispatcher" daemon [_thread_blocked, id=28943, stack(0x000070000fbc3000,0x000070000fcc3000)]
=>0x00007f8d49944e00 JavaThread "JavaFX Application Thread" [_thread_in_vm, id=259, stack(0x00007ff7bcfad000,0x00007ff7bd7ad000)]

Other Threads:
  0x00007f8d47905fe0 VMThread "VM Thread" [stack: 0x000070000ec93000,0x000070000ed93000] [id=14595]
  0x00007f8d46f0c690 WatcherThread [stack: 0x000070000f9bd000,0x000070000fabd000] [id=24835]
  0x00007f8d46f054f0 GCTaskThread "GC Thread#0" [stack: 0x000070000e784000,0x000070000e884000] [id=12547]
  0x00007f8d47806f70 ConcurrentGCThread "G1 Main Marker" [stack: 0x000070000e887000,0x000070000e987000] [id=19971]
  0x00007f8d478077f0 ConcurrentGCThread "G1 Conc#0" [stack: 0x000070000e98a000,0x000070000ea8a000] [id=19203]
  0x00007f8d47b041a0 ConcurrentGCThread "G1 Refine#0" [stack: 0x000070000ea8d000,0x000070000eb8d000] [id=18435]
  0x00007f8d46f06120 ConcurrentGCThread "G1 Service" [stack: 0x000070000eb90000,0x000070000ec90000] [id=17923]

Threads with active compile tasks:

VM state: not at safepoint (normal execution)

VM Mutex/Monitor currently owned by a thread: None

Heap address: 0x0000000780000000, size: 2048 MB, Compressed Oops mode: Zero based, Oop shift amount: 3

CDS archive(s) mapped at: [0x0000000800000000-0x0000000800bd4000-0x0000000800bd4000), size 12402688, SharedBaseAddress: 0x0000000800000000, ArchiveRelocationMode: 0.
Compressed class space mapped at: 0x0000000800c00000-0x0000000840c00000, reserved size: 1073741824
Narrow klass base: 0x0000000800000000, Narrow klass shift: 0, Narrow klass range: 0x100000000

GC Precious Log:
 CPUs: 4 total, 4 available
 Memory: 8192M
 Large Page Support: Disabled
 NUMA Support: Disabled
 Compressed Oops: Enabled (Zero based)
 Heap Region Size: 1M
 Heap Min Capacity: 8M
 Heap Initial Capacity: 128M
 Heap Max Capacity: 2G
 Pre-touch: Disabled
 Parallel Workers: 4
 Concurrent Workers: 1
 Concurrent Refinement Workers: 4
 Periodic GC: Disabled

Heap:
 garbage-first heap   total 133120K, used 11220K [0x0000000780000000, 0x0000000800000000)
  region size 1024K, 11 young (11264K), 0 survivors (0K)
 Metaspace       used 3266K, committed 3456K, reserved 1056768K
  class space    used 367K, committed 448K, reserved 1048576K

Heap Regions: E=young(eden), S=young(survivor), O=old, HS=humongous(starts), HC=humongous(continues), CS=collection set, F=free, OA=open archive, CA=closed archive, TAMS=top-at-mark-start (previous, next)
|   0|0x0000000780000000, 0x0000000780000000, 0x0000000780100000|  0%| F|  |TAMS 0x0000000780000000, 0x0000000780000000| Untracked 
|   1|0x0000000780100000, 0x0000000780100000, 0x0000000780200000|  0%| F|  |TAMS 0x0000000780100000, 0x0000000780100000| Untracked 
|   2|0x0000000780200000, 0x0000000780200000, 0x0000000780300000|  0%| F|  |TAMS 0x0000000780200000, 0x0000000780200000| Untracked 
|   3|0x0000000780300000, 0x0000000780300000, 0x0000000780400000|  0%| F|  |TAMS 0x0000000780300000, 0x0000000780300000| Untracked 
|   4|0x0000000780400000, 0x0000000780400000, 0x0000000780500000|  0%| F|  |TAMS 0x0000000780400000, 0x0000000780400000| Untracked 
|   5|0x0000000780500000, 0x0000000780500000, 0x0000000780600000|  0%| F|  |TAMS 0x0000000780500000, 0x0000000780500000| Untracked 
|   6|0x0000000780600000, 0x0000000780600000, 0x0000000780700000|  0%| F|  |TAMS 0x0000000780600000, 0x0000000780600000| Untracked 
|   7|0x0000000780700000, 0x0000000780700000, 0x0000000780800000|  0%| F|  |TAMS 0x0000000780700000, 0x0000000780700000| Untracked 
|   8|0x0000000780800000, 0x0000000780800000, 0x0000000780900000|  0%| F|  |TAMS 0x0000000780800000, 0x0000000780800000| Untracked 
|   9|0x0000000780900000, 0x0000000780900000, 0x0000000780a00000|  0%| F|  |TAMS 0x0000000780900000, 0x0000000780900000| Untracked 
|  10|0x0000000780a00000, 0x0000000780a00000, 0x0000000780b00000|  0%| F|  |TAMS 0x0000000780a00000, 0x0000000780a00000| Untracked 
|  11|0x0000000780b00000, 0x0000000780b00000, 0x0000000780c00000|  0%| F|  |TAMS 0x0000000780b00000, 0x0000000780b00000| Untracked 
|  12|0x0000000780c00000, 0x0000000780c00000, 0x0000000780d00000|  0%| F|  |TAMS 0x0000000780c00000, 0x0000000780c00000| Untracked 
|  13|0x0000000780d00000, 0x0000000780d00000, 0x0000000780e00000|  0%| F|  |TAMS 0x0000000780d00000, 0x0000000780d00000| Untracked 
|  14|0x0000000780e00000, 0x0000000780e00000, 0x0000000780f00000|  0%| F|  |TAMS 0x0000000780e00000, 0x0000000780e00000| Untracked 
|  15|0x0000000780f00000, 0x0000000780f00000, 0x0000000781000000|  0%| F|  |TAMS 0x0000000780f00000, 0x0000000780f00000| Untracked 
|  16|0x0000000781000000, 0x0000000781000000, 0x0000000781100000|  0%| F|  |TAMS 0x0000000781000000, 0x0000000781000000| Untracked 
|  17|0x0000000781100000, 0x0000000781100000, 0x0000000781200000|  0%| F|  |TAMS 0x0000000781100000, 0x0000000781100000| Untracked 
|  18|0x0000000781200000, 0x0000000781200000, 0x0000000781300000|  0%| F|  |TAMS 0x0000000781200000, 0x0000000781200000| Untracked 
|  19|0x0000000781300000, 0x0000000781300000, 0x0000000781400000|  0%| F|  |TAMS 0x0000000781300000, 0x0000000781300000| Untracked 
|  20|0x0000000781400000, 0x0000000781400000, 0x0000000781500000|  0%| F|  |TAMS 0x0000000781400000, 0x0000000781400000| Untracked 
|  21|0x0000000781500000, 0x0000000781500000, 0x0000000781600000|  0%| F|  |TAMS 0x0000000781500000, 0x0000000781500000| Untracked 
|  22|0x0000000781600000, 0x0000000781600000, 0x0000000781700000|  0%| F|  |TAMS 0x0000000781600000, 0x0000000781600000| Untracked 
|  23|0x0000000781700000, 0x0000000781700000, 0x0000000781800000|  0%| F|  |TAMS 0x0000000781700000, 0x0000000781700000| Untracked 
|  24|0x0000000781800000, 0x0000000781800000, 0x0000000781900000|  0%| F|  |TAMS 0x0000000781800000, 0x0000000781800000| Untracked 
|  25|0x0000000781900000, 0x0000000781900000, 0x0000000781a00000|  0%| F|  |TAMS 0x0000000781900000, 0x0000000781900000| Untracked 
|  26|0x0000000781a00000, 0x0000000781a00000, 0x0000000781b00000|  0%| F|  |TAMS 0x0000000781a00000, 0x0000000781a00000| Untracked 
|  27|0x0000000781b00000, 0x0000000781b00000, 0x0000000781c00000|  0%| F|  |TAMS 0x0000000781b00000, 0x0000000781b00000| Untracked 
|  28|0x0000000781c00000, 0x0000000781c00000, 0x0000000781d00000|  0%| F|  |TAMS 0x0000000781c00000, 0x0000000781c00000| Untracked 
|  29|0x0000000781d00000, 0x0000000781d00000, 0x0000000781e00000|  0%| F|  |TAMS 0x0000000781d00000, 0x0000000781d00000| Untracked 
|  30|0x0000000781e00000, 0x0000000781e00000, 0x0000000781f00000|  0%| F|  |TAMS 0x0000000781e00000, 0x0000000781e00000| Untracked 
|  31|0x0000000781f00000, 0x0000000781f00000, 0x0000000782000000|  0%| F|  |TAMS 0x0000000781f00000, 0x0000000781f00000| Untracked 
|  32|0x0000000782000000, 0x0000000782000000, 0x0000000782100000|  0%| F|  |TAMS 0x0000000782000000, 0x0000000782000000| Untracked 
|  33|0x0000000782100000, 0x0000000782100000, 0x0000000782200000|  0%| F|  |TAMS 0x0000000782100000, 0x0000000782100000| Untracked 
|  34|0x0000000782200000, 0x0000000782200000, 0x0000000782300000|  0%| F|  |TAMS 0x0000000782200000, 0x0000000782200000| Untracked 
|  35|0x0000000782300000, 0x0000000782300000, 0x0000000782400000|  0%| F|  |TAMS 0x0000000782300000, 0x0000000782300000| Untracked 
|  36|0x0000000782400000, 0x0000000782400000, 0x0000000782500000|  0%| F|  |TAMS 0x0000000782400000, 0x0000000782400000| Untracked 
|  37|0x0000000782500000, 0x0000000782500000, 0x0000000782600000|  0%| F|  |TAMS 0x0000000782500000, 0x0000000782500000| Untracked 
|  38|0x0000000782600000, 0x0000000782600000, 0x0000000782700000|  0%| F|  |TAMS 0x0000000782600000, 0x0000000782600000| Untracked 
|  39|0x0000000782700000, 0x0000000782700000, 0x0000000782800000|  0%| F|  |TAMS 0x0000000782700000, 0x0000000782700000| Untracked 
|  40|0x0000000782800000, 0x0000000782800000, 0x0000000782900000|  0%| F|  |TAMS 0x0000000782800000, 0x0000000782800000| Untracked 
|  41|0x0000000782900000, 0x0000000782900000, 0x0000000782a00000|  0%| F|  |TAMS 0x0000000782900000, 0x0000000782900000| Untracked 
|  42|0x0000000782a00000, 0x0000000782a00000, 0x0000000782b00000|  0%| F|  |TAMS 0x0000000782a00000, 0x0000000782a00000| Untracked 
|  43|0x0000000782b00000, 0x0000000782b00000, 0x0000000782c00000|  0%| F|  |TAMS 0x0000000782b00000, 0x0000000782b00000| Untracked 
|  44|0x0000000782c00000, 0x0000000782c00000, 0x0000000782d00000|  0%| F|  |TAMS 0x0000000782c00000, 0x0000000782c00000| Untracked 
|  45|0x0000000782d00000, 0x0000000782d00000, 0x0000000782e00000|  0%| F|  |TAMS 0x0000000782d00000, 0x0000000782d00000| Untracked 
|  46|0x0000000782e00000, 0x0000000782e00000, 0x0000000782f00000|  0%| F|  |TAMS 0x0000000782e00000, 0x0000000782e00000| Untracked 
|  47|0x0000000782f00000, 0x0000000782f00000, 0x0000000783000000|  0%| F|  |TAMS 0x0000000782f00000, 0x0000000782f00000| Untracked 
|  48|0x0000000783000000, 0x0000000783000000, 0x0000000783100000|  0%| F|  |TAMS 0x0000000783000000, 0x0000000783000000| Untracked 
|  49|0x0000000783100000, 0x0000000783100000, 0x0000000783200000|  0%| F|  |TAMS 0x0000000783100000, 0x0000000783100000| Untracked 
|  50|0x0000000783200000, 0x0000000783200000, 0x0000000783300000|  0%| F|  |TAMS 0x0000000783200000, 0x0000000783200000| Untracked 
|  51|0x0000000783300000, 0x0000000783300000, 0x0000000783400000|  0%| F|  |TAMS 0x0000000783300000, 0x0000000783300000| Untracked 
|  52|0x0000000783400000, 0x0000000783400000, 0x0000000783500000|  0%| F|  |TAMS 0x0000000783400000, 0x0000000783400000| Untracked 
|  53|0x0000000783500000, 0x0000000783500000, 0x0000000783600000|  0%| F|  |TAMS 0x0000000783500000, 0x0000000783500000| Untracked 
|  54|0x0000000783600000, 0x0000000783600000, 0x0000000783700000|  0%| F|  |TAMS 0x0000000783600000, 0x0000000783600000| Untracked 
|  55|0x0000000783700000, 0x0000000783700000, 0x0000000783800000|  0%| F|  |TAMS 0x0000000783700000, 0x0000000783700000| Untracked 
|  56|0x0000000783800000, 0x0000000783800000, 0x0000000783900000|  0%| F|  |TAMS 0x0000000783800000, 0x0000000783800000| Untracked 
|  57|0x0000000783900000, 0x0000000783900000, 0x0000000783a00000|  0%| F|  |TAMS 0x0000000783900000, 0x0000000783900000| Untracked 
|  58|0x0000000783a00000, 0x0000000783a00000, 0x0000000783b00000|  0%| F|  |TAMS 0x0000000783a00000, 0x0000000783a00000| Untracked 
|  59|0x0000000783b00000, 0x0000000783b00000, 0x0000000783c00000|  0%| F|  |TAMS 0x0000000783b00000, 0x0000000783b00000| Untracked 
|  60|0x0000000783c00000, 0x0000000783c00000, 0x0000000783d00000|  0%| F|  |TAMS 0x0000000783c00000, 0x0000000783c00000| Untracked 
|  61|0x0000000783d00000, 0x0000000783d00000, 0x0000000783e00000|  0%| F|  |TAMS 0x0000000783d00000, 0x0000000783d00000| Untracked 
|  62|0x0000000783e00000, 0x0000000783e00000, 0x0000000783f00000|  0%| F|  |TAMS 0x0000000783e00000, 0x0000000783e00000| Untracked 
|  63|0x0000000783f00000, 0x0000000783f00000, 0x0000000784000000|  0%| F|  |TAMS 0x0000000783f00000, 0x0000000783f00000| Untracked 
|  64|0x0000000784000000, 0x0000000784000000, 0x0000000784100000|  0%| F|  |TAMS 0x0000000784000000, 0x0000000784000000| Untracked 
|  65|0x0000000784100000, 0x0000000784100000, 0x0000000784200000|  0%| F|  |TAMS 0x0000000784100000, 0x0000000784100000| Untracked 
|  66|0x0000000784200000, 0x0000000784200000, 0x0000000784300000|  0%| F|  |TAMS 0x0000000784200000, 0x0000000784200000| Untracked 
|  67|0x0000000784300000, 0x0000000784300000, 0x0000000784400000|  0%| F|  |TAMS 0x0000000784300000, 0x0000000784300000| Untracked 
|  68|0x0000000784400000, 0x0000000784400000, 0x0000000784500000|  0%| F|  |TAMS 0x0000000784400000, 0x0000000784400000| Untracked 
|  69|0x0000000784500000, 0x0000000784500000, 0x0000000784600000|  0%| F|  |TAMS 0x0000000784500000, 0x0000000784500000| Untracked 
|  70|0x0000000784600000, 0x0000000784600000, 0x0000000784700000|  0%| F|  |TAMS 0x0000000784600000, 0x0000000784600000| Untracked 
|  71|0x0000000784700000, 0x0000000784700000, 0x0000000784800000|  0%| F|  |TAMS 0x0000000784700000, 0x0000000784700000| Untracked 
|  72|0x0000000784800000, 0x0000000784800000, 0x0000000784900000|  0%| F|  |TAMS 0x0000000784800000, 0x0000000784800000| Untracked 
|  73|0x0000000784900000, 0x0000000784900000, 0x0000000784a00000|  0%| F|  |TAMS 0x0000000784900000, 0x0000000784900000| Untracked 
|  74|0x0000000784a00000, 0x0000000784a00000, 0x0000000784b00000|  0%| F|  |TAMS 0x0000000784a00000, 0x0000000784a00000| Untracked 
|  75|0x0000000784b00000, 0x0000000784b00000, 0x0000000784c00000|  0%| F|  |TAMS 0x0000000784b00000, 0x0000000784b00000| Untracked 
|  76|0x0000000784c00000, 0x0000000784c00000, 0x0000000784d00000|  0%| F|  |TAMS 0x0000000784c00000, 0x0000000784c00000| Untracked 
|  77|0x0000000784d00000, 0x0000000784d00000, 0x0000000784e00000|  0%| F|  |TAMS 0x0000000784d00000, 0x0000000784d00000| Untracked 
|  78|0x0000000784e00000, 0x0000000784e00000, 0x0000000784f00000|  0%| F|  |TAMS 0x0000000784e00000, 0x0000000784e00000| Untracked 
|  79|0x0000000784f00000, 0x0000000784f00000, 0x0000000785000000|  0%| F|  |TAMS 0x0000000784f00000, 0x0000000784f00000| Untracked 
|  80|0x0000000785000000, 0x0000000785000000, 0x0000000785100000|  0%| F|  |TAMS 0x0000000785000000, 0x0000000785000000| Untracked 
|  81|0x0000000785100000, 0x0000000785100000, 0x0000000785200000|  0%| F|  |TAMS 0x0000000785100000, 0x0000000785100000| Untracked 
|  82|0x0000000785200000, 0x0000000785200000, 0x0000000785300000|  0%| F|  |TAMS 0x0000000785200000, 0x0000000785200000| Untracked 
|  83|0x0000000785300000, 0x0000000785300000, 0x0000000785400000|  0%| F|  |TAMS 0x0000000785300000, 0x0000000785300000| Untracked 
|  84|0x0000000785400000, 0x0000000785400000, 0x0000000785500000|  0%| F|  |TAMS 0x0000000785400000, 0x0000000785400000| Untracked 
|  85|0x0000000785500000, 0x0000000785500000, 0x0000000785600000|  0%| F|  |TAMS 0x0000000785500000, 0x0000000785500000| Untracked 
|  86|0x0000000785600000, 0x0000000785600000, 0x0000000785700000|  0%| F|  |TAMS 0x0000000785600000, 0x0000000785600000| Untracked 
|  87|0x0000000785700000, 0x0000000785700000, 0x0000000785800000|  0%| F|  |TAMS 0x0000000785700000, 0x0000000785700000| Untracked 
|  88|0x0000000785800000, 0x0000000785800000, 0x0000000785900000|  0%| F|  |TAMS 0x0000000785800000, 0x0000000785800000| Untracked 
|  89|0x0000000785900000, 0x0000000785900000, 0x0000000785a00000|  0%| F|  |TAMS 0x0000000785900000, 0x0000000785900000| Untracked 
|  90|0x0000000785a00000, 0x0000000785a00000, 0x0000000785b00000|  0%| F|  |TAMS 0x0000000785a00000, 0x0000000785a00000| Untracked 
|  91|0x0000000785b00000, 0x0000000785b00000, 0x0000000785c00000|  0%| F|  |TAMS 0x0000000785b00000, 0x0000000785b00000| Untracked 
|  92|0x0000000785c00000, 0x0000000785c00000, 0x0000000785d00000|  0%| F|  |TAMS 0x0000000785c00000, 0x0000000785c00000| Untracked 
|  93|0x0000000785d00000, 0x0000000785d00000, 0x0000000785e00000|  0%| F|  |TAMS 0x0000000785d00000, 0x0000000785d00000| Untracked 
|  94|0x0000000785e00000, 0x0000000785e00000, 0x0000000785f00000|  0%| F|  |TAMS 0x0000000785e00000, 0x0000000785e00000| Untracked 
|  95|0x0000000785f00000, 0x0000000785f00000, 0x0000000786000000|  0%| F|  |TAMS 0x0000000785f00000, 0x0000000785f00000| Untracked 
|  96|0x0000000786000000, 0x0000000786000000, 0x0000000786100000|  0%| F|  |TAMS 0x0000000786000000, 0x0000000786000000| Untracked 
|  97|0x0000000786100000, 0x0000000786100000, 0x0000000786200000|  0%| F|  |TAMS 0x0000000786100000, 0x0000000786100000| Untracked 
|  98|0x0000000786200000, 0x0000000786200000, 0x0000000786300000|  0%| F|  |TAMS 0x0000000786200000, 0x0000000786200000| Untracked 
|  99|0x0000000786300000, 0x0000000786300000, 0x0000000786400000|  0%| F|  |TAMS 0x0000000786300000, 0x0000000786300000| Untracked 
| 100|0x0000000786400000, 0x0000000786400000, 0x0000000786500000|  0%| F|  |TAMS 0x0000000786400000, 0x0000000786400000| Untracked 
| 101|0x0000000786500000, 0x0000000786500000, 0x0000000786600000|  0%| F|  |TAMS 0x0000000786500000, 0x0000000786500000| Untracked 
| 102|0x0000000786600000, 0x0000000786600000, 0x0000000786700000|  0%| F|  |TAMS 0x0000000786600000, 0x0000000786600000| Untracked 
| 103|0x0000000786700000, 0x0000000786700000, 0x0000000786800000|  0%| F|  |TAMS 0x0000000786700000, 0x0000000786700000| Untracked 
| 104|0x0000000786800000, 0x0000000786800000, 0x0000000786900000|  0%| F|  |TAMS 0x0000000786800000, 0x0000000786800000| Untracked 
| 105|0x0000000786900000, 0x0000000786900000, 0x0000000786a00000|  0%| F|  |TAMS 0x0000000786900000, 0x0000000786900000| Untracked 
| 106|0x0000000786a00000, 0x0000000786a00000, 0x0000000786b00000|  0%| F|  |TAMS 0x0000000786a00000, 0x0000000786a00000| Untracked 
| 107|0x0000000786b00000, 0x0000000786b00000, 0x0000000786c00000|  0%| F|  |TAMS 0x0000000786b00000, 0x0000000786b00000| Untracked 
| 108|0x0000000786c00000, 0x0000000786c00000, 0x0000000786d00000|  0%| F|  |TAMS 0x0000000786c00000, 0x0000000786c00000| Untracked 
| 109|0x0000000786d00000, 0x0000000786d00000, 0x0000000786e00000|  0%| F|  |TAMS 0x0000000786d00000, 0x0000000786d00000| Untracked 
| 110|0x0000000786e00000, 0x0000000786e00000, 0x0000000786f00000|  0%| F|  |TAMS 0x0000000786e00000, 0x0000000786e00000| Untracked 
| 111|0x0000000786f00000, 0x0000000786f00000, 0x0000000787000000|  0%| F|  |TAMS 0x0000000786f00000, 0x0000000786f00000| Untracked 
| 112|0x0000000787000000, 0x0000000787000000, 0x0000000787100000|  0%| F|  |TAMS 0x0000000787000000, 0x0000000787000000| Untracked 
| 113|0x0000000787100000, 0x0000000787100000, 0x0000000787200000|  0%| F|  |TAMS 0x0000000787100000, 0x0000000787100000| Untracked 
| 114|0x0000000787200000, 0x0000000787200000, 0x0000000787300000|  0%| F|  |TAMS 0x0000000787200000, 0x0000000787200000| Untracked 
| 115|0x0000000787300000, 0x0000000787300000, 0x0000000787400000|  0%| F|  |TAMS 0x0000000787300000, 0x0000000787300000| Untracked 
| 116|0x0000000787400000, 0x0000000787400000, 0x0000000787500000|  0%| F|  |TAMS 0x0000000787400000, 0x0000000787400000| Untracked 
| 117|0x0000000787500000, 0x00000007875c8898, 0x0000000787600000| 78%| E|  |TAMS 0x0000000787500000, 0x0000000787500000| Complete 
| 118|0x0000000787600000, 0x0000000787700000, 0x0000000787700000|100%| E|CS|TAMS 0x0000000787600000, 0x0000000787600000| Complete 
| 119|0x0000000787700000, 0x0000000787800000, 0x0000000787800000|100%| E|CS|TAMS 0x0000000787700000, 0x0000000787700000| Complete 
| 120|0x0000000787800000, 0x0000000787900000, 0x0000000787900000|100%| E|CS|TAMS 0x0000000787800000, 0x0000000787800000| Complete 
| 121|0x0000000787900000, 0x0000000787a00000, 0x0000000787a00000|100%| E|CS|TAMS 0x0000000787900000, 0x0000000787900000| Complete 
| 122|0x0000000787a00000, 0x0000000787b00000, 0x0000000787b00000|100%| E|CS|TAMS 0x0000000787a00000, 0x0000000787a00000| Complete 
| 123|0x0000000787b00000, 0x0000000787c00000, 0x0000000787c00000|100%| E|CS|TAMS 0x0000000787b00000, 0x0000000787b00000| Complete 
| 124|0x0000000787c00000, 0x0000000787d00000, 0x0000000787d00000|100%| E|CS|TAMS 0x0000000787c00000, 0x0000000787c00000| Complete 
| 125|0x0000000787d00000, 0x0000000787e00000, 0x0000000787e00000|100%| E|CS|TAMS 0x0000000787d00000, 0x0000000787d00000| Complete 
| 126|0x0000000787e00000, 0x0000000787f00000, 0x0000000787f00000|100%| E|CS|TAMS 0x0000000787e00000, 0x0000000787e00000| Complete 
| 127|0x0000000787f00000, 0x0000000788000000, 0x0000000788000000|100%| E|CS|TAMS 0x0000000787f00000, 0x0000000787f00000| Complete 
|2046|0x00000007ffe00000, 0x00000007ffe76000, 0x00000007fff00000| 46%|OA|  |TAMS 0x00000007ffe00000, 0x00000007ffe00000| Untracked 
|2047|0x00000007fff00000, 0x00000007fff7f000, 0x0000000800000000| 49%|CA|  |TAMS 0x00000007fff00000, 0x00000007fff00000| Untracked 

Card table byte_map: [0x0000000102f67000,0x0000000103367000] _byte_map_base: 0x00000000ff367000

Marking Bits (Prev, Next): (CMBitMap*) 0x00007f8d48808810, (CMBitMap*) 0x00007f8d48808850
 Prev Bits: [0x000000010c06b000, 0x000000010e06b000)
 Next Bits: [0x000000011d504000, 0x000000011f504000)

Polling page: 0x000000010287a000

Metaspace:

Usage:
  Non-class:      2.83 MB used.
      Class:    367.24 KB used.
       Both:      3.19 MB used.

Virtual space:
  Non-class space:        8.00 MB reserved,       2.94 MB ( 37%) committed,  1 nodes.
      Class space:        1.00 GB reserved,     448.00 KB ( <1%) committed,  1 nodes.
             Both:        1.01 GB reserved,       3.38 MB ( <1%) committed. 

Chunk freelists:
   Non-Class:  2.86 MB
       Class:  3.55 MB
        Both:  6.41 MB

MaxMetaspaceSize: unlimited
CompressedClassSpaceSize: 1.00 GB
Initial GC threshold: 21.00 MB
Current GC threshold: 21.00 MB
CDS: on
MetaspaceReclaimPolicy: balanced
 - commit_granule_bytes: 65536.
 - commit_granule_words: 8192.
 - virtual_space_node_default_size: 1048576.
 - enlarge_chunks_in_place: 1.
 - new_chunks_are_fully_committed: 0.
 - uncommit_free_chunks: 1.
 - use_allocation_guard: 0.
 - handle_deallocations: 1.


Internal statistics:

num_allocs_failed_limit: 0.
num_arena_births: 74.
num_arena_deaths: 0.
num_vsnodes_births: 2.
num_vsnodes_deaths: 0.
num_space_committed: 54.
num_space_uncommitted: 0.
num_chunks_returned_to_freelist: 0.
num_chunks_taken_from_freelist: 152.
num_chunk_merges: 0.
num_chunk_splits: 96.
num_chunks_enlarged: 63.
num_purges: 0.
num_inconsistent_stats: 0.

CodeHeap 'non-profiled nmethods': size=120032Kb used=203Kb max_used=203Kb free=119828Kb
 bounds [0x0000000115fcc000, 0x000000011623c000, 0x000000011d504000]
CodeHeap 'profiled nmethods': size=120028Kb used=898Kb max_used=898Kb free=119129Kb
 bounds [0x000000010ea95000, 0x000000010ed05000, 0x0000000115fcc000]
CodeHeap 'non-nmethods': size=5700Kb used=1174Kb max_used=1190Kb free=4525Kb
 bounds [0x000000010e504000, 0x000000010e774000, 0x000000010ea95000]
 total_blobs=1101 nmethods=624 adapters=391
 compilation: enabled
              stopped_count=0, restarted_count=0
 full_count=0

Compilation events (20 events):
Event: 0.398 Thread 0x00007f8d48846000 nmethod 612 0x0000000115ffc810 code [0x0000000115ffc9a0, 0x0000000115ffca38]
Event: 0.398 Thread 0x00007f8d48022400 nmethod 611 0x000000010eb72d90 code [0x000000010eb72f80, 0x000000010eb732f0]
Event: 0.404 Thread 0x00007f8d48846000  613       4       sun.security.provider.MD5::implCompress (13 bytes)
Event: 0.405 Thread 0x00007f8d48846000 nmethod 613 0x0000000115ffcb10 code [0x0000000115ffcca0, 0x0000000115ffcd98]
Event: 0.405 Thread 0x00007f8d48846000  615       4       sun.security.provider.MD5::implCompress0 (1407 bytes)
Event: 0.406 Thread 0x00007f8d48022400  614       3       sun.security.provider.DigestBase::implCompressMultiBlock0 (23 bytes)
Event: 0.406 Thread 0x00007f8d48022400 nmethod 614 0x000000010eb73410 code [0x000000010eb735c0, 0x000000010eb73860]
Event: 0.409 Thread 0x00007f8d48022400  616       1       java.lang.invoke.InfoFromMemberName::getReferenceKind (5 bytes)
Event: 0.409 Thread 0x00007f8d48022400 nmethod 616 0x0000000115ffce90 code [0x0000000115ffd020, 0x0000000115ffd0f0]
Event: 0.425 Thread 0x00007f8d48846000 nmethod 615 0x0000000115ffd890 code [0x0000000115ffda20, 0x0000000115ffe718]
Event: 0.474 Thread 0x00007f8d48022400  621       3       jdk.internal.org.objectweb.asm.ByteVector::putByteArray (49 bytes)
Event: 0.475 Thread 0x00007f8d48022400 nmethod 621 0x000000010eb73990 code [0x000000010eb73b40, 0x000000010eb73e10]
Event: 0.475 Thread 0x00007f8d48022400  619       3       sun.invoke.util.BytecodeDescriptor::unparseSig (49 bytes)
Event: 0.475 Thread 0x00007f8d48022400 nmethod 619 0x000000010eb73f10 code [0x000000010eb74140, 0x000000010eb74660]
Event: 0.475 Thread 0x00007f8d48022400  620       3       jdk.internal.org.objectweb.asm.Label::resolve (219 bytes)
Event: 0.476 Thread 0x00007f8d48022400 nmethod 620 0x000000010eb74890 code [0x000000010eb74a80, 0x000000010eb74fb0]
Event: 0.542 Thread 0x00007f8d48022400  622       3       java.lang.ref.SoftReference::get (29 bytes)
Event: 0.542 Thread 0x00007f8d48022400 nmethod 622 0x000000010eb75290 code [0x000000010eb75440, 0x000000010eb75610]
Event: 0.546 Thread 0x00007f8d48022400  623       3       jdk.internal.org.objectweb.asm.Handler::getExceptionTableSize (10 bytes)
Event: 0.546 Thread 0x00007f8d48022400 nmethod 623 0x000000010eb75690 code [0x000000010eb75840, 0x000000010eb75a30]

GC Heap History (0 events):
No events

Deoptimization events (18 events):
Event: 0.164 Thread 0x00007f8d4880da00 Uncommon trap: trap_request=0xffffff45 fr.pc=0x0000000115fd78a0 relative=0x0000000000000080
Event: 0.164 Thread 0x00007f8d4880da00 Uncommon trap: reason=unstable_if action=reinterpret pc=0x0000000115fd78a0 method=java.lang.CharacterDataLatin1.isJavaIdentifierPart(I)Z @ 11 c2
Event: 0.164 Thread 0x00007f8d4880da00 DEOPT PACKING pc=0x0000000115fd78a0 sp=0x000070000e77f4a0
Event: 0.164 Thread 0x00007f8d4880da00 DEOPT UNPACKING pc=0x000000010e556099 sp=0x000070000e77f438 mode 2
Event: 0.200 Thread 0x00007f8d4880da00 Uncommon trap: trap_request=0xfffffff4 fr.pc=0x0000000115fd8ad0 relative=0x00000000000001b0
Event: 0.200 Thread 0x00007f8d4880da00 Uncommon trap: reason=null_check action=make_not_entrant pc=0x0000000115fd8ad0 method=java.lang.String.equals(Ljava/lang/Object;)Z @ 8 c2
Event: 0.200 Thread 0x00007f8d4880da00 DEOPT PACKING pc=0x0000000115fd8ad0 sp=0x000070000e77f670
Event: 0.200 Thread 0x00007f8d4880da00 DEOPT UNPACKING pc=0x000000010e556099 sp=0x000070000e77f638 mode 2
Event: 0.232 Thread 0x00007f8d4880da00 DEOPT PACKING pc=0x000000010ead90cb sp=0x000070000e77f440
Event: 0.233 Thread 0x00007f8d4880da00 DEOPT UNPACKING pc=0x000000010e55682f sp=0x000070000e77e8c0 mode 0
Event: 0.306 Thread 0x00007f8d48086c00 Uncommon trap: trap_request=0xffffff45 fr.pc=0x0000000115fdae88 relative=0x00000000000006c8
Event: 0.306 Thread 0x00007f8d48086c00 Uncommon trap: reason=unstable_if action=reinterpret pc=0x0000000115fdae88 method=jdk.internal.module.Checks.isJavaIdentifier(Ljava/lang/String;)Z @ 4 c2
Event: 0.306 Thread 0x00007f8d48086c00 DEOPT PACKING pc=0x0000000115fdae88 sp=0x000070000fbbed70
Event: 0.306 Thread 0x00007f8d48086c00 DEOPT UNPACKING pc=0x000000010e556099 sp=0x000070000fbbed30 mode 2
Event: 0.544 Thread 0x00007f8d49944e00 Uncommon trap: trap_request=0xffffff45 fr.pc=0x0000000115ffa150 relative=0x0000000000000190
Event: 0.544 Thread 0x00007f8d49944e00 Uncommon trap: reason=unstable_if action=reinterpret pc=0x0000000115ffa150 method=java.lang.invoke.VarHandle.checkExactAccessMode(Ljava/lang/invoke/VarHandle$AccessDescriptor;)V @ 4 c2
Event: 0.544 Thread 0x00007f8d49944e00 DEOPT PACKING pc=0x0000000115ffa150 sp=0x00007ff7bd7a8a60
Event: 0.544 Thread 0x00007f8d49944e00 DEOPT UNPACKING pc=0x000000010e556099 sp=0x00007ff7bd7a89c0 mode 2

Classes unloaded (0 events):
No events

Classes redefined (0 events):
No events

Internal exceptions (8 events):
Event: 0.105 Thread 0x00007f8d4880da00 Exception <a 'java/lang/NoSuchMethodError'{0x0000000787fe5f88}: 'void java.lang.invoke.DirectMethodHandle$Holder.invokeVirtual(java.lang.Object, java.lang.Object)'> (0x0000000787fe5f88) 
thrown [open/src/hotspot/share/interpreter/linkResolver.cpp, line 766]
Event: 0.200 Thread 0x00007f8d4880da00 Implicit null exception at 0x0000000115fd8955 to 0x0000000115fd8ac0
Event: 0.208 Thread 0x00007f8d48843800 Exception <a 'java/lang/NoSuchMethodError'{0x0000000787ccb150}: 'java.lang.Object java.lang.invoke.DirectMethodHandle$Holder.invokeStaticInit(java.lang.Object)'> (0x0000000787ccb150) 
thrown [open/src/hotspot/share/interpreter/linkResolver.cpp, line 766]
Event: 0.211 Thread 0x00007f8d48843800 Exception <a 'java/lang/ClassNotFoundException'{0x0000000787cd60d0}: jdk/net/ExtendedSocketOptions> (0x0000000787cd60d0) 
thrown [open/src/hotspot/share/classfile/systemDictionary.cpp, line 256]
Event: 0.213 Thread 0x00007f8d48843800 Exception <a 'java/lang/NoSuchMethodError'{0x0000000787cd7928}: 'void java.lang.invoke.DirectMethodHandle$Holder.invokeStatic(java.lang.Object, java.lang.Object)'> (0x0000000787cd7928) 
thrown [open/src/hotspot/share/interpreter/linkResolver.cpp, line 766]
Event: 0.268 Thread 0x00007f8d4880da00 Exception <a 'java/lang/NoSuchMethodError'{0x000000078780c800}: 'void java.lang.invoke.DirectMethodHandle$Holder.invokeSpecial(java.lang.Object, java.lang.Object, java.lang.Object)'> (0x000000078780c800) 
thrown [open/src/hotspot/share/interpreter/linkResolver.cpp, line 766]
Event: 0.280 Thread 0x00007f8d4880da00 Exception <a 'java/lang/NoSuchMethodError'{0x0000000787848dd8}: 'void java.lang.invoke.DirectMethodHandle$Holder.invokeStatic(java.lang.Object, java.lang.Object, java.lang.Object)'> (0x0000000787848dd8) 
thrown [open/src/hotspot/share/interpreter/linkResolver.cpp, line 766]
Event: 0.388 Thread 0x00007f8d4880da00 Exception <a 'java/lang/NoSuchMethodError'{0x0000000787865870}: 'int java.lang.invoke.DirectMethodHandle$Holder.invokeStaticInit(java.lang.Object, java.lang.Object, java.lang.Object)'> (0x0000000787865870) 
thrown [open/src/hotspot/share/interpreter/linkResolver.cpp, line 766]

VM Operations (6 events):
Event: 0.186 Executing VM operation: HandshakeAllThreads
Event: 0.186 Executing VM operation: HandshakeAllThreads done
Event: 0.187 Executing VM operation: HandshakeAllThreads
Event: 0.187 Executing VM operation: HandshakeAllThreads done
Event: 0.207 Executing VM operation: HandshakeAllThreads
Event: 0.207 Executing VM operation: HandshakeAllThreads done

Events (20 events):
Event: 0.383 loading class java/util/concurrent/ForkJoinPool$ManagedBlocker
Event: 0.383 loading class java/util/concurrent/ForkJoinPool$ManagedBlocker done
Event: 0.383 loading class java/util/concurrent/locks/AbstractQueuedSynchronizer$ConditionNode done
Event: 0.409 Loaded shared library /Users/user/.openjfx/cache/17-ea/libglass.dylib
Event: 0.410 loading class java/util/concurrent/BlockingDeque
Event: 0.410 loading class java/util/concurrent/BlockingDeque done
Event: 0.410 loading class java/util/concurrent/LinkedBlockingDeque
Event: 0.410 loading class java/util/concurrent/LinkedBlockingDeque done
Event: 0.411 Thread 0x00007f8d47189c00 Thread added: 0x00007f8d47189c00
Event: 0.411 Protecting memory [0x000070000fbc3000,0x000070000fbc7000] with protection modes 0
Event: 0.413 Protecting memory [0x00007ff7bcfad000,0x00007ff7bcfb1000] with protection modes 0
Event: 0.413 Thread 0x00007f8d49944e00 Thread added: 0x00007f8d49944e00
Event: 0.473 Thread 0x00007f8d47194400 Thread added: 0x00007f8d47194400
Event: 0.473 Protecting memory [0x000070000fcc6000,0x000070000fcca000] with protection modes 0
Event: 0.542 loading class java/util/concurrent/LinkedBlockingDeque$Node
Event: 0.542 loading class java/util/concurrent/LinkedBlockingDeque$Node done
Event: 0.542 Protecting memory [0x000070000fcc6000,0x000070000fcca000] with protection modes 3
Event: 0.542 Thread 0x00007f8d47194400 Thread exited: 0x00007f8d47194400
Event: 0.545 loading class java/util/concurrent/FutureTask
Event: 0.545 loading class java/util/concurrent/FutureTask done


Dynamic libraries:
0x000000010287c000 	/Users/user/Library/Java/JavaVirtualMachines/openjdk-17.0.1/Contents/Home/lib/libjli.dylib
0x00007ff8217a1000 	/usr/lib/libz.1.dylib
0x00007ff821881000 	/usr/lib/libSystem.B.dylib
0x00007ff82187c000 	/usr/lib/system/libcache.dylib
0x00007ff821838000 	/usr/lib/system/libcommonCrypto.dylib
0x00007ff821861000 	/usr/lib/system/libcompiler_rt.dylib
0x00007ff821857000 	/usr/lib/system/libcopyfile.dylib
0x00007ff81688f000 	/usr/lib/system/libcorecrypto.dylib
0x00007ff81694e000 	/usr/lib/system/libdispatch.dylib
0x00007ff816b0d000 	/usr/lib/system/libdyld.dylib
0x00007ff821873000 	/usr/lib/system/libkeymgr.dylib
0x00007ff821816000 	/usr/lib/system/libmacho.dylib
0x00007ff820ea2000 	/usr/lib/system/libquarantine.dylib
0x00007ff821871000 	/usr/lib/system/libremovefile.dylib
0x00007ff81ba74000 	/usr/lib/system/libsystem_asl.dylib
0x00007ff81683d000 	/usr/lib/system/libsystem_blocks.dylib
0x00007ff8169d2000 	/usr/lib/system/libsystem_c.dylib
0x00007ff821869000 	/usr/lib/system/libsystem_collections.dylib
0x00007ff82014a000 	/usr/lib/system/libsystem_configuration.dylib
0x00007ff81f407000 	/usr/lib/system/libsystem_containermanager.dylib
0x00007ff821553000 	/usr/lib/system/libsystem_coreservices.dylib
0x00007ff819137000 	/usr/lib/system/libsystem_darwin.dylib
0x00007ff821874000 	/usr/lib/system/libsystem_dnssd.dylib
0x00007ff8169cf000 	/usr/lib/system/libsystem_featureflags.dylib
0x00007ff816b23000 	/usr/lib/system/libsystem_info.dylib
0x00007ff8217b4000 	/usr/lib/system/libsystem_m.dylib
0x00007ff816922000 	/usr/lib/system/libsystem_malloc.dylib
0x00007ff81ba11000 	/usr/lib/system/libsystem_networkextension.dylib
0x00007ff81955f000 	/usr/lib/system/libsystem_notify.dylib
0x00007ff8279f1000 	/usr/lib/system/libsystem_product_info_filter.dylib
0x00007ff82014e000 	/usr/lib/system/libsystem_sandbox.dylib
0x00007ff82186e000 	/usr/lib/system/libsystem_secinit.dylib
0x00007ff816aca000 	/usr/lib/system/libsystem_kernel.dylib
0x00007ff816b19000 	/usr/lib/system/libsystem_platform.dylib
0x00007ff816b01000 	/usr/lib/system/libsystem_pthread.dylib
0x00007ff81d2cc000 	/usr/lib/system/libsystem_symptoms.dylib
0x00007ff816876000 	/usr/lib/system/libsystem_trace.dylib
0x00007ff821844000 	/usr/lib/system/libunwind.dylib
0x00007ff81683f000 	/usr/lib/system/libxpc.dylib
0x00007ff816ab4000 	/usr/lib/libc++abi.dylib
0x00007ff816995000 	/usr/lib/libobjc.A.dylib
0x00007ff82184f000 	/usr/lib/liboah.dylib
0x00007ff816a5b000 	/usr/lib/libc++.1.dylib
0x00007ff82d74c000 	/System/Library/Frameworks/Cocoa.framework/Versions/A/Cocoa
0x00007ff8195bd000 	/System/Library/Frameworks/AppKit.framework/Versions/C/AppKit
0x00007ff81cab9000 	/System/Library/Frameworks/CoreData.framework/Versions/A/CoreData
0x00007ff8179d4000 	/System/Library/Frameworks/Foundation.framework/Versions/C/Foundation
0x00007ff81a44f000 	/System/Library/PrivateFrameworks/UIFoundation.framework/Versions/A/UIFoundation
0x00007ff8276f8000 	/System/Library/PrivateFrameworks/RemoteViewServices.framework/Versions/A/RemoteViewServices
0x00007ff81fae3000 	/System/Library/PrivateFrameworks/XCTTargetBootstrap.framework/Versions/A/XCTTargetBootstrap
0x00007ff823691000 	/System/Library/PrivateFrameworks/InternationalSupport.framework/Versions/A/InternationalSupport
0x00007ff82371b000 	/System/Library/PrivateFrameworks/UserActivity.framework/Versions/A/UserActivity
0x00007ff822a71000 	/usr/lib/libspindump.dylib
0x00007ff81a6dd000 	/System/Library/Frameworks/UniformTypeIdentifiers.framework/Versions/A/UniformTypeIdentifiers
0x00007ff81e21c000 	/usr/lib/libapp_launch_measurement.dylib
0x00007ff81d485000 	/System/Library/PrivateFrameworks/CoreAnalytics.framework/Versions/A/CoreAnalytics
0x00007ff81e21f000 	/System/Library/PrivateFrameworks/CoreAutoLayout.framework/Versions/A/CoreAutoLayout
0x00007ff81f43f000 	/System/Library/Frameworks/Metal.framework/Versions/A/Metal
0x00007ff820159000 	/usr/lib/liblangid.dylib
0x00007ff81fae7000 	/System/Library/PrivateFrameworks/CoreSVG.framework/Versions/A/CoreSVG
0x00007ff81baa4000 	/System/Library/PrivateFrameworks/SkyLight.framework/Versions/A/SkyLight
0x00007ff81be3a000 	/System/Library/Frameworks/CoreGraphics.framework/Versions/A/CoreGraphics
0x00007ff827d67000 	/System/Library/Frameworks/Accelerate.framework/Versions/A/Accelerate
0x00007ff8224ec000 	/System/Library/PrivateFrameworks/IconServices.framework/Versions/A/IconServices
0x00007ff81f424000 	/System/Library/Frameworks/IOSurface.framework/Versions/A/IOSurface
0x00007ff81d4b3000 	/usr/lib/libDiagnosticMessagesClient.dylib
0x00007ff82b3d8000 	/System/Library/Frameworks/ApplicationServices.framework/Versions/A/ApplicationServices
0x00007ff81facf000 	/System/Library/PrivateFrameworks/DFRFoundation.framework/Versions/A/DFRFoundation
0x00007ff818eae000 	/usr/lib/libicucore.A.dylib
0x00007ff8243b6000 	/System/Library/Frameworks/AudioToolbox.framework/Versions/A/AudioToolbox
0x00007ff82369d000 	/System/Library/PrivateFrameworks/DataDetectorsCore.framework/Versions/A/DataDetectorsCore
0x00007ff91eff5000 	/System/Library/PrivateFrameworks/TextInput.framework/Versions/A/TextInput
0x00007ff81ba28000 	/usr/lib/libMobileGestalt.dylib
0x00007ff81f7d7000 	/System/Library/Frameworks/Carbon.framework/Versions/A/Frameworks/HIToolbox.framework/Versions/A/HIToolbox
0x00007ff81dc49000 	/System/Library/Frameworks/QuartzCore.framework/Versions/A/QuartzCore
0x00007ff818b4e000 	/System/Library/Frameworks/Security.framework/Versions/A/Security
0x00007ff827730000 	/System/Library/Frameworks/Carbon.framework/Versions/A/Frameworks/SpeechRecognition.framework/Versions/A/SpeechRecognition
0x00007ff81df7c000 	/System/Library/PrivateFrameworks/CoreUI.framework/Versions/A/CoreUI
0x00007ff818426000 	/System/Library/Frameworks/CoreAudio.framework/Versions/A/CoreAudio
0x00007ff81d5a1000 	/System/Library/Frameworks/DiskArbitration.framework/Versions/A/DiskArbitration
0x00007ff822e58000 	/System/Library/PrivateFrameworks/MultitouchSupport.framework/Versions/A/MultitouchSupport
0x00007ff81ba27000 	/usr/lib/libenergytrace.dylib
0x00007ff8194a9000 	/System/Library/Frameworks/IOKit.framework/Versions/A/IOKit
0x00007ff827b1c000 	/System/Library/Frameworks/CoreServices.framework/Versions/A/CoreServices
0x00007ff81e1b6000 	/System/Library/PrivateFrameworks/PerformanceAnalysis.framework/Versions/A/PerformanceAnalysis
0x00007ffa2e7c5000 	/System/Library/Frameworks/OpenGL.framework/Versions/A/OpenGL
0x00007ff820dce000 	/System/Library/PrivateFrameworks/MobileKeyBag.framework/Versions/A/MobileKeyBag
0x00007ff81c506000 	/System/Library/Frameworks/ColorSync.framework/Versions/A/ColorSync
0x00007ff816b4e000 	/System/Library/Frameworks/CoreFoundation.framework/Versions/A/CoreFoundation
0x00007ff81fd60000 	/System/Library/Frameworks/CoreImage.framework/Versions/A/CoreImage
0x00007ff81823c000 	/System/Library/Frameworks/CoreText.framework/Versions/A/CoreText
0x00007ff81fb16000 	/System/Library/Frameworks/ImageIO.framework/Versions/A/ImageIO
0x00007ff821887000 	/System/Library/PrivateFrameworks/SoftLinking.framework/Versions/A/SoftLinking
0x00007ff81e267000 	/usr/lib/libxml2.2.dylib
0x00007ff821b0b000 	/usr/lib/libcompression.dylib
0x00007ff8235c7000 	/System/Library/PrivateFrameworks/TextureIO.framework/Versions/A/TextureIO
0x00007ff8221fe000 	/usr/lib/libate.dylib
0x00007ff821fdc000 	/usr/lib/liblzma.5.dylib
0x00007ff8176e5000 	/System/Library/Frameworks/SystemConfiguration.framework/Versions/A/SystemConfiguration
0x00007ff821883000 	/usr/lib/libfakelink.dylib
0x00007ff81b57a000 	/System/Library/Frameworks/CFNetwork.framework/Versions/A/CFNetwork
0x00007ff8219c2000 	/usr/lib/libarchive.2.dylib
0x00007ff820155000 	/System/Library/PrivateFrameworks/AppleSystemInfo.framework/Versions/A/AppleSystemInfo
0x00007ff820ec9000 	/usr/lib/libbsm.0.dylib
0x00007ff81abb0000 	/usr/lib/libnetwork.dylib
0x00007ff82181c000 	/usr/lib/system/libkxld.dylib
0x00007ff820af7000 	/System/Library/PrivateFrameworks/IOMobileFramebuffer.framework/Versions/A/IOMobileFramebuffer
0x00007ffb2c5ea000 	/usr/lib/libCoreEntitlements.dylib
0x00007ff821535000 	/System/Library/PrivateFrameworks/AppleFSCompression.framework/Versions/A/AppleFSCompression
0x00007ff820eb1000 	/usr/lib/libcoretls.dylib
0x00007ff821ff6000 	/usr/lib/libcoretls_cfhelpers.dylib
0x00007ff821b06000 	/usr/lib/libpam.2.dylib
0x00007ff81ceee000 	/usr/lib/libsqlite3.dylib
0x00007ff822065000 	/usr/lib/libxar.1.dylib
0x00007ff821545000 	/usr/lib/libbz2.1.0.dylib
0x00007ff821888000 	/usr/lib/libpcap.A.dylib
0x00007ff81d2c3000 	/usr/lib/libdns_services.dylib
0x00007ff821ad5000 	/usr/lib/libapple_nghttp2.dylib
0x00007ff8218bf000 	/usr/lib/libiconv.2.dylib
0x00007ff821815000 	/usr/lib/libcharset.1.dylib
0x00007ff81e1ea000 	/System/Library/Frameworks/CoreServices.framework/Versions/A/Frameworks/FSEvents.framework/Versions/A/FSEvents
0x00007ff819141000 	/System/Library/Frameworks/CoreServices.framework/Versions/A/Frameworks/CarbonCore.framework/Versions/A/CarbonCore
0x00007ff81d506000 	/System/Library/Frameworks/CoreServices.framework/Versions/A/Frameworks/Metadata.framework/Versions/A/Metadata
0x00007ff821558000 	/System/Library/Frameworks/CoreServices.framework/Versions/A/Frameworks/OSServices.framework/Versions/A/OSServices
0x00007ff821a49000 	/System/Library/Frameworks/CoreServices.framework/Versions/A/Frameworks/SearchKit.framework/Versions/A/SearchKit
0x00007ff81d255000 	/System/Library/Frameworks/CoreServices.framework/Versions/A/Frameworks/AE.framework/Versions/A/AE
0x00007ff817051000 	/System/Library/Frameworks/CoreServices.framework/Versions/A/Frameworks/LaunchServices.framework/Versions/A/LaunchServices
0x00007ff821f8d000 	/System/Library/Frameworks/CoreServices.framework/Versions/A/Frameworks/DictionaryServices.framework/Versions/A/DictionaryServices
0x00007ff81e1f7000 	/System/Library/Frameworks/CoreServices.framework/Versions/A/Frameworks/SharedFileList.framework/Versions/A/SharedFileList
0x00007ff820ea5000 	/usr/lib/libCheckFix.dylib
0x00007ff81ba8b000 	/System/Library/PrivateFrameworks/TCC.framework/Versions/A/TCC
0x00007ff82015b000 	/System/Library/PrivateFrameworks/CoreNLP.framework/Versions/A/CoreNLP
0x00007ff81d4b6000 	/System/Library/PrivateFrameworks/MetadataUtilities.framework/Versions/A/MetadataUtilities
0x00007ff817795000 	/usr/lib/libmecabra.dylib
0x00007ff820ed9000 	/usr/lib/libmecab.dylib
0x00007ff817760000 	/usr/lib/libCRFSuite.dylib
0x00007ff820f36000 	/usr/lib/libgermantok.dylib
0x00007ff821ab0000 	/usr/lib/libThaiTokenizer.dylib
0x00007ff81d5a8000 	/System/Library/Frameworks/Accelerate.framework/Versions/A/Frameworks/vImage.framework/Versions/A/vImage
0x00007ff827af3000 	/System/Library/Frameworks/Accelerate.framework/Versions/A/Frameworks/vecLib.framework/Versions/A/vecLib
0x00007ff8220a6000 	/System/Library/Frameworks/Accelerate.framework/Versions/A/Frameworks/vecLib.framework/Versions/A/libvMisc.dylib
0x00007ff820915000 	/System/Library/Frameworks/Accelerate.framework/Versions/A/Frameworks/vecLib.framework/Versions/A/libvDSP.dylib
0x00007ff8173c9000 	/System/Library/Frameworks/Accelerate.framework/Versions/A/Frameworks/vecLib.framework/Versions/A/libBLAS.dylib
0x00007ff821be7000 	/System/Library/Frameworks/Accelerate.framework/Versions/A/Frameworks/vecLib.framework/Versions/A/libLAPACK.dylib
0x00007ff820f39000 	/System/Library/Frameworks/Accelerate.framework/Versions/A/Frameworks/vecLib.framework/Versions/A/libLinearAlgebra.dylib
0x00007ff821aee000 	/System/Library/Frameworks/Accelerate.framework/Versions/A/Frameworks/vecLib.framework/Versions/A/libSparseBLAS.dylib
0x00007ff821be1000 	/System/Library/Frameworks/Accelerate.framework/Versions/A/Frameworks/vecLib.framework/Versions/A/libQuadrature.dylib
0x00007ff820245000 	/System/Library/Frameworks/Accelerate.framework/Versions/A/Frameworks/vecLib.framework/Versions/A/libBNNS.dylib
0x00007ff817676000 	/System/Library/Frameworks/Accelerate.framework/Versions/A/Frameworks/vecLib.framework/Versions/A/libSparse.dylib
0x00007ff82023e000 	/System/Library/PrivateFrameworks/LinguisticData.framework/Versions/A/LinguisticData
0x00007ff81762b000 	/System/Library/PrivateFrameworks/Lexicon.framework/Versions/A/Lexicon
0x00007ff82209f000 	/usr/lib/libChineseTokenizer.dylib
0x00007ff817d8f000 	/System/Library/PrivateFrameworks/LanguageModeling.framework/Versions/A/LanguageModeling
0x00007ff821ab2000 	/System/Library/PrivateFrameworks/AppleSauce.framework/Versions/A/AppleSauce
0x00007ff820ae5000 	/System/Library/PrivateFrameworks/CoreEmoji.framework/Versions/A/CoreEmoji
0x00007ff8219b1000 	/usr/lib/libcmph.dylib
0x00007ff81e1ce000 	/System/Library/Frameworks/OpenDirectory.framework/Versions/A/Frameworks/CFOpenDirectory.framework/Versions/A/CFOpenDirectory
0x00007ff81e1c2000 	/System/Library/Frameworks/OpenDirectory.framework/Versions/A/OpenDirectory
0x00007ff821ff8000 	/System/Library/PrivateFrameworks/APFS.framework/Versions/A/APFS
0x00007ff820e06000 	/System/Library/Frameworks/SecurityFoundation.framework/Versions/A/SecurityFoundation
0x00007ff822073000 	/usr/lib/libutil.dylib
0x00007ff81946c000 	/System/Library/PrivateFrameworks/CoreServicesStore.framework/Versions/A/CoreServicesStore
0x00007ff822077000 	/usr/lib/libxslt.1.dylib
0x00007ff820e93000 	/System/Library/PrivateFrameworks/BackgroundTaskManagement.framework/Versions/A/BackgroundTaskManagement
0x00007ff8234e7000 	/System/Library/Frameworks/ImageIO.framework/Versions/A/Resources/libRadiance.dylib
0x00007ff8234f0000 	/System/Library/Frameworks/ImageIO.framework/Versions/A/Resources/libJPEG.dylib
0x00007ff823440000 	/System/Library/Frameworks/ImageIO.framework/Versions/A/Resources/libPng.dylib
0x00007ff823461000 	/System/Library/Frameworks/ImageIO.framework/Versions/A/Resources/libTIFF.dylib
0x00007ff823550000 	/System/Library/Frameworks/ImageIO.framework/Versions/A/Resources/libGIF.dylib
0x00007ff822d71000 	/System/Library/Frameworks/ImageIO.framework/Versions/A/Resources/libJP2.dylib
0x00007ff8224b3000 	/usr/lib/libexpat.1.dylib
0x00007ff822d26000 	/System/Library/PrivateFrameworks/AppleJPEG.framework/Versions/A/AppleJPEG
0x00007ff81f69a000 	/System/Library/PrivateFrameworks/FontServices.framework/libFontParser.dylib
0x00007ff81d1ff000 	/System/Library/PrivateFrameworks/RunningBoardServices.framework/Versions/A/RunningBoardServices
0x00007ff82dcc8000 	/System/Library/PrivateFrameworks/IOSurfaceAccelerator.framework/Versions/A/IOSurfaceAccelerator
0x00007ff822e54000 	/System/Library/PrivateFrameworks/WatchdogClient.framework/Versions/A/WatchdogClient
0x00007ff817e7e000 	/System/Library/Frameworks/CoreDisplay.framework/Versions/A/CoreDisplay
0x00007ff81f599000 	/System/Library/Frameworks/CoreMedia.framework/Versions/A/CoreMedia
0x00007ff81f436000 	/System/Library/PrivateFrameworks/IOAccelerator.framework/Versions/A/IOAccelerator
0x00007ff81e34a000 	/System/Library/Frameworks/CoreVideo.framework/Versions/A/CoreVideo
0x00007ff821b04000 	/System/Library/Frameworks/MetalPerformanceShaders.framework/Versions/A/MetalPerformanceShaders
0x00007ff822e8f000 	/System/Library/Frameworks/VideoToolbox.framework/Versions/A/VideoToolbox
0x00007ff81d147000 	/System/Library/PrivateFrameworks/BaseBoard.framework/Versions/A/BaseBoard
0x00007ff81ced4000 	/System/Library/PrivateFrameworks/ProtocolBuffer.framework/Versions/A/ProtocolBuffer
0x00007ff8234e0000 	/System/Library/PrivateFrameworks/GPUWrangler.framework/Versions/A/GPUWrangler
0x00007ff8234c3000 	/System/Library/PrivateFrameworks/IOPresentment.framework/Versions/A/IOPresentment
0x00007ff8234ea000 	/System/Library/PrivateFrameworks/DSExternalDisplay.framework/Versions/A/DSExternalDisplay
0x00007ffa2e7b9000 	/System/Library/Frameworks/OpenGL.framework/Versions/A/Libraries/libCoreFSCache.dylib
0x00007ffb1a85a000 	/System/Library/PrivateFrameworks/GPUCompiler.framework/Versions/31001/Libraries/libGPUCompilerUtils.dylib
0x00007ff823555000 	/System/Library/PrivateFrameworks/CMCaptureCore.framework/Versions/A/CMCaptureCore
0x00007ff822a5f000 	/System/Library/PrivateFrameworks/AppServerSupport.framework/Versions/A/AppServerSupport
0x00007ff824c3c000 	/System/Library/PrivateFrameworks/perfdata.framework/Versions/A/perfdata
0x00007ff817faa000 	/System/Library/PrivateFrameworks/AudioToolboxCore.framework/Versions/A/AudioToolboxCore
0x00007ff81f576000 	/System/Library/PrivateFrameworks/caulk.framework/Versions/A/caulk
0x00007ff824560000 	/usr/lib/libAudioStatistics.dylib
0x00007ff91b883000 	/System/Library/PrivateFrameworks/SystemPolicy.framework/Versions/A/SystemPolicy
0x00007ff8247b5000 	/usr/lib/libSMC.dylib
0x00007ff82d5ff000 	/System/Library/Frameworks/CoreMIDI.framework/Versions/A/CoreMIDI
0x00007ff823410000 	/usr/lib/libAudioToolboxUtility.dylib
0x00007ff917c95000 	/System/Library/PrivateFrameworks/OSAServicesClient.framework/Versions/A/OSAServicesClient
0x00007ff824c49000 	/usr/lib/libperfcheck.dylib
0x00007ff91c315000 	/usr/lib/libmis.dylib
0x00007ffa2e815000 	/System/Library/Frameworks/OpenGL.framework/Versions/A/Libraries/libGLU.dylib
0x00007ffa2e7d8000 	/System/Library/Frameworks/OpenGL.framework/Versions/A/Libraries/libGFXShared.dylib
0x00007ffa2e9e6000 	/System/Library/Frameworks/OpenGL.framework/Versions/A/Libraries/libGL.dylib
0x00007ffa2e7e1000 	/System/Library/Frameworks/OpenGL.framework/Versions/A/Libraries/libGLImage.dylib
0x00007ffa2e7d5000 	/System/Library/Frameworks/OpenGL.framework/Versions/A/Libraries/libCVMSPluginSupport.dylib
0x00007ffa2e7c0000 	/System/Library/Frameworks/OpenGL.framework/Versions/A/Libraries/libCoreVMClient.dylib
0x00007ff8200d9000 	/System/Library/Frameworks/MetalPerformanceShaders.framework/Versions/A/Frameworks/MPSCore.framework/Versions/A/MPSCore
0x00007ff8214a0000 	/System/Library/Frameworks/MetalPerformanceShaders.framework/Versions/A/Frameworks/MPSImage.framework/Versions/A/MPSImage
0x00007ff820f4f000 	/System/Library/Frameworks/MetalPerformanceShaders.framework/Versions/A/Frameworks/MPSNeuralNetwork.framework/Versions/A/MPSNeuralNetwork
0x00007ff8213c4000 	/System/Library/Frameworks/MetalPerformanceShaders.framework/Versions/A/Frameworks/MPSMatrix.framework/Versions/A/MPSMatrix
0x00007ff821180000 	/System/Library/Frameworks/MetalPerformanceShaders.framework/Versions/A/Frameworks/MPSRayIntersector.framework/Versions/A/MPSRayIntersector
0x00007ff8213fd000 	/System/Library/Frameworks/MetalPerformanceShaders.framework/Versions/A/Frameworks/MPSNDArray.framework/Versions/A/MPSNDArray
0x00007ffa333da000 	/System/Library/Frameworks/MetalPerformanceShaders.framework/Versions/A/Frameworks/MPSFunctions.framework/Versions/A/MPSFunctions
0x00007ff8172ac000 	/System/Library/PrivateFrameworks/MetalTools.framework/Versions/A/MetalTools
0x00007ff820153000 	/System/Library/PrivateFrameworks/AggregateDictionary.framework/Versions/A/AggregateDictionary
0x00007ff822295000 	/usr/lib/libIOReport.dylib
0x00007ffa2fdf5000 	/System/Library/Frameworks/OpenCL.framework/Versions/A/OpenCL
0x00007ff8225f9000 	/System/Library/PrivateFrameworks/FaceCore.framework/Versions/A/FaceCore
0x00007ff8225ea000 	/System/Library/PrivateFrameworks/GraphVisualizer.framework/Versions/A/GraphVisualizer
0x00007ffb1a765000 	/System/Library/PrivateFrameworks/FontServices.framework/Versions/A/FontServices
0x00007ff822a16000 	/System/Library/PrivateFrameworks/OTSVG.framework/Versions/A/OTSVG
0x00007ff81df32000 	/System/Library/Frameworks/ApplicationServices.framework/Versions/A/Frameworks/ATS.framework/Versions/A/Resources/libFontRegistry.dylib
0x00007ff822a67000 	/System/Library/PrivateFrameworks/FontServices.framework/libhvf.dylib
0x00007ffb1a766000 	/System/Library/PrivateFrameworks/FontServices.framework/libXTFontStaticRegistryData.dylib
0x00007ff822463000 	/System/Library/PrivateFrameworks/AppleVA.framework/Versions/A/AppleVA
0x00007ff824584000 	/System/Library/Frameworks/ApplicationServices.framework/Versions/A/Frameworks/ATS.framework/Versions/A/ATS
0x00007ff81c602000 	/System/Library/Frameworks/ApplicationServices.framework/Versions/A/Frameworks/HIServices.framework/Versions/A/HIServices
0x00007ff82355f000 	/System/Library/Frameworks/ApplicationServices.framework/Versions/A/Frameworks/PrintCore.framework/Versions/A/PrintCore
0x00007ff824908000 	/System/Library/Frameworks/ApplicationServices.framework/Versions/A/Frameworks/QD.framework/Versions/A/QD
0x00007ff824900000 	/System/Library/Frameworks/ApplicationServices.framework/Versions/A/Frameworks/ColorSyncLegacy.framework/Versions/A/ColorSyncLegacy
0x00007ff824574000 	/System/Library/Frameworks/ApplicationServices.framework/Versions/A/Frameworks/SpeechSynthesis.framework/Versions/A/SpeechSynthesis
0x00007ff823520000 	/System/Library/Frameworks/ApplicationServices.framework/Versions/A/Frameworks/ATSUI.framework/Versions/A/ATSUI
0x00007ff824895000 	/usr/lib/libcups.2.dylib
0x00007ff824c58000 	/System/Library/Frameworks/Kerberos.framework/Versions/A/Kerberos
0x00007ff824c67000 	/System/Library/Frameworks/GSS.framework/Versions/A/GSS
0x00007ff8245f0000 	/usr/lib/libresolv.9.dylib
0x00007ff822a76000 	/System/Library/PrivateFrameworks/Heimdal.framework/Versions/A/Heimdal
0x00007ff82b755000 	/System/Library/Frameworks/Kerberos.framework/Versions/A/Libraries/libHeimdalProxy.dylib
0x00007ff81d2d4000 	/System/Library/Frameworks/Network.framework/Versions/A/Network
0x00007ff8224cd000 	/usr/lib/libheimdal-asn1.dylib
0x00007ff824cb3000 	/System/Library/PrivateFrameworks/CommonAuth.framework/Versions/A/CommonAuth
0x00007ff8244f1000 	/System/Library/PrivateFrameworks/AudioSession.framework/Versions/A/AudioSession
0x00007ff82255d000 	/System/Library/PrivateFrameworks/MediaExperience.framework/Versions/A/MediaExperience
0x00007ff824385000 	/System/Library/PrivateFrameworks/AudioSession.framework/libSessionUtility.dylib
0x00007ff824914000 	/System/Library/PrivateFrameworks/AudioResourceArbitration.framework/Versions/A/AudioResourceArbitration
0x00007ff828906000 	/System/Library/PrivateFrameworks/PowerLog.framework/Versions/A/PowerLog
0x00007ff8224d6000 	/System/Library/PrivateFrameworks/IconFoundation.framework/Versions/A/IconFoundation
0x00007ff827720000 	/System/Library/PrivateFrameworks/SpeechRecognitionCore.framework/Versions/A/SpeechRecognitionCore
0x00000001028bd000 	/System/Library/CoreServices/Encodings/libCyrillicConverter.dylib
0x00000001038ea000 	/Users/user/Library/Java/JavaVirtualMachines/openjdk-17.0.1/Contents/Home/lib/server/libjvm.dylib
0x00000001028ab000 	/Users/user/Library/Java/JavaVirtualMachines/openjdk-17.0.1/Contents/Home/lib/libjimage.dylib
0x00000001028e0000 	/Users/user/Library/Java/JavaVirtualMachines/openjdk-17.0.1/Contents/Home/lib/libinstrument.dylib
0x0000000102921000 	/Users/user/Library/Java/JavaVirtualMachines/openjdk-17.0.1/Contents/Home/lib/libjava.dylib
0x00000001037ac000 	/Users/user/Library/Java/JavaVirtualMachines/openjdk-17.0.1/Contents/Home/lib/libnio.dylib
0x00000001037c8000 	/Users/user/Library/Java/JavaVirtualMachines/openjdk-17.0.1/Contents/Home/lib/libnet.dylib
0x00000001037e8000 	/Users/user/Library/Java/JavaVirtualMachines/openjdk-17.0.1/Contents/Home/lib/libzip.dylib
0x000000010290f000 	/Users/user/.openjfx/cache/17-ea/libprism_es2.dylib
0x00007ff81942d000 	/System/Library/PrivateFrameworks/CoreServicesInternal.framework/Versions/A/CoreServicesInternal
0x00007ffa2e9f1000 	/System/Library/Frameworks/OpenGL.framework/Versions/A/Resources/GLEngine.bundle/GLEngine
0x00007ffa2e853000 	/System/Library/Frameworks/OpenGL.framework/Versions/A/Libraries/libGLProgrammability.dylib
0x00007ffa22c19000 	/System/Library/Extensions/AppleIntelKBLGraphicsGLDriver.bundle/Contents/MacOS/AppleIntelKBLGraphicsGLDriver
0x00007ff9261f9000 	/System/Library/PrivateFrameworks/GPUSupport.framework/Versions/A/Libraries/libGPUSupportMercury.dylib
0x00007ffa2eb80000 	/System/Library/Frameworks/OpenGL.framework/Versions/A/Resources/GLRendererFloat.bundle/GLRendererFloat
0x0000000121561000 	/Users/user/.openjfx/cache/17-ea/libglass.dylib
0x00007ff828ef7000 	/System/Library/Frameworks/FileProvider.framework/Versions/A/FileProvider
0x00007ff81d0b3000 	/System/Library/Frameworks/Accounts.framework/Versions/A/Accounts
0x00007ff82906f000 	/System/Library/PrivateFrameworks/GenerationalStorage.framework/Versions/A/GenerationalStorage
0x00007ff829b81000 	/System/Library/PrivateFrameworks/CoreSymbolication.framework/Versions/A/CoreSymbolication
0x00007ff8288fb000 	/System/Library/PrivateFrameworks/SymptomDiagnosticReporter.framework/Versions/A/SymptomDiagnosticReporter
0x00007ff81a6f1000 	/System/Library/PrivateFrameworks/DesktopServicesPriv.framework/Versions/A/DesktopServicesPriv
0x00007ff81956e000 	/usr/lib/libsandbox.1.dylib
0x00007ff81e3c9000 	/System/Library/PrivateFrameworks/UserManagement.framework/Versions/A/UserManagement
0x00007ff829b46000 	/System/Library/PrivateFrameworks/DebugSymbols.framework/Versions/A/DebugSymbols
0x00007ff8248f5000 	/System/Library/PrivateFrameworks/NetAuth.framework/Versions/A/NetAuth
0x00007ff8257e4000 	/System/Library/PrivateFrameworks/Sharing.framework/Versions/A/Sharing
0x00007ff81e39c000 	/System/Library/PrivateFrameworks/login.framework/Versions/A/Frameworks/loginsupport.framework/Versions/A/loginsupport
0x00007ff82ac87000 	/System/Library/PrivateFrameworks/Apple80211.framework/Versions/A/Apple80211
0x00007ff821585000 	/System/Library/PrivateFrameworks/AuthKit.framework/Versions/A/AuthKit
0x00007ff820bdb000 	/System/Library/PrivateFrameworks/CoreUtils.framework/Versions/A/CoreUtils
0x00007ff820b02000 	/System/Library/Frameworks/CoreWLAN.framework/Versions/A/CoreWLAN
0x00007ff82593f000 	/System/Library/Frameworks/IOBluetooth.framework/Versions/A/IOBluetooth
0x00007ff82acef000 	/System/Library/PrivateFrameworks/CoreWiFi.framework/Versions/A/CoreWiFi
0x00007ff82971b000 	/System/Library/PrivateFrameworks/FrontBoardServices.framework/Versions/A/FrontBoardServices
0x00007ff8297ad000 	/System/Library/PrivateFrameworks/BoardServices.framework/Versions/A/BoardServices
0x00007ff820df5000 	/System/Library/PrivateFrameworks/AssertionServices.framework/Versions/A/AssertionServices
0x00007ff82ae73000 	/System/Library/PrivateFrameworks/BackBoardServices.framework/Versions/A/BackBoardServices
0x00007ff824d42000 	/System/Library/PrivateFrameworks/CorePhoneNumbers.framework/Versions/A/CorePhoneNumbers
0x00007ff828a18000 	/System/Library/PrivateFrameworks/DiskManagement.framework/Versions/A/DiskManagement
0x00007ff82892c000 	/System/Library/PrivateFrameworks/AppleIDAuthSupport.framework/Versions/A/AppleIDAuthSupport
0x00007ffa35393000 	/System/Library/PrivateFrameworks/AAAFoundation.framework/Versions/A/AAAFoundation
0x00007ff824d23000 	/System/Library/PrivateFrameworks/KeychainCircle.framework/Versions/A/KeychainCircle
0x00007ff8289e4000 	/System/Library/PrivateFrameworks/MediaKit.framework/Versions/A/MediaKit
0x00007ff828938000 	/System/Library/Frameworks/DiscRecording.framework/Versions/A/DiscRecording
0x00007ff8223db000 	/usr/lib/libCoreStorage.dylib
0x00007ff82b162000 	/usr/lib/libcsfde.dylib
0x00007ff825a0c000 	/System/Library/PrivateFrameworks/ProtectedCloudStorage.framework/Versions/A/ProtectedCloudStorage
0x00007ff82b15e000 	/System/Library/PrivateFrameworks/EFILogin.framework/Versions/A/EFILogin
0x00007ff829095000 	/System/Library/PrivateFrameworks/OctagonTrust.framework/Versions/A/OctagonTrust
0x00007ffb19a87000 	/System/Library/PrivateFrameworks/CoreUtilsExtras.framework/Versions/A/CoreUtilsExtras
0x00007ff82886e000 	/System/Library/Frameworks/CoreBluetooth.framework/Versions/A/CoreBluetooth
0x00007ff82b7da000 	/System/Library/Frameworks/AudioUnit.framework/Versions/A/AudioUnit
0x00007ff8223d3000 	/usr/lib/libMatch.1.dylib
0x00007ff920779000 	/System/Library/Frameworks/Accelerate.framework/Versions/A/Frameworks/vImage.framework/Versions/A/Libraries/libCGInterfaces.dylib
0x00000001217d8000 	/usr/lib/libobjc-trampolines.dylib
0x00007ff81e0c2000 	/System/Library/PrivateFrameworks/ViewBridge.framework/Versions/A/ViewBridge


VM Arguments:
jvm_args: -javaagent:/Applications/IntelliJ IDEA.app/Contents/lib/idea_rt.jar=52213:/Applications/IntelliJ IDEA.app/Contents/bin -Dfile.encoding=UTF-8 --module-path=/Users/user/IdeaProjects/JigsawProject/target/classes:/Users/user/.m2/repository/org/openjfx/javafx-controls/17-ea+11/javafx-controls-17-ea+11-mac.jar:/Users/user/.m2/repository/org/openjfx/javafx-graphics/17-ea+11/javafx-graphics-17-ea+11-mac.jar:/Users/user/.m2/repository/org/openjfx/javafx-fxml/17-ea+11/javafx-fxml-17-ea+11-mac.jar:/Users/user/.m2/repository/org/openjfx/javafx-base/17-ea+11/javafx-base-17-ea+11-mac.jar -Djdk.module.main=com.example.jigsaw 
java_command: com.example.jigsaw/com.example.jigsaw.MainApplication
java_class_path (initial): /Users/user/.m2/repository/org/openjfx/javafx-controls/17-ea+11/javafx-controls-17-ea+11.jar:/Users/user/.m2/repository/org/openjfx/javafx-graphics/17-ea+11/javafx-graphics-17-ea+11.jar:/Users/user/.m2/repository/org/openjfx/javafx-base/17-ea+11/javafx-base-17-ea+11.jar:/Users/user/.m2/repository/org/openjfx/javafx-fxml/17-ea+11/javafx-fxml-17-ea+11.jar
Launcher Type: SUN_STANDARD

[Global flags]
     intx CICompilerCount                          = 3                                         {product} {ergonomic}
     uint ConcGCThreads                            = 1                                         {product} {ergonomic}
     uint G1ConcRefinementThreads                  = 4                                         {product} {ergonomic}
   size_t G1HeapRegionSize                         = 1048576                                   {product} {ergonomic}
    uintx GCDrainStackTargetSize                   = 64                                        {product} {ergonomic}
   size_t InitialHeapSize                          = 134217728                                 {product} {ergonomic}
   size_t MarkStackSize                            = 4194304                                   {product} {ergonomic}
   size_t MaxHeapSize                              = 2147483648                                {product} {ergonomic}
   size_t MaxNewSize                               = 1287651328                                {product} {ergonomic}
   size_t MinHeapDeltaBytes                        = 1048576                                   {product} {ergonomic}
   size_t MinHeapSize                              = 8388608                                   {product} {ergonomic}
    uintx NonNMethodCodeHeapSize                   = 5832780                                {pd product} {ergonomic}
    uintx NonProfiledCodeHeapSize                  = 122912730                              {pd product} {ergonomic}
    uintx ProfiledCodeHeapSize                     = 122912730                              {pd product} {ergonomic}
    uintx ReservedCodeCacheSize                    = 251658240                              {pd product} {ergonomic}
     bool SegmentedCodeCache                       = true                                      {product} {ergonomic}
   size_t SoftMaxHeapSize                          = 2147483648                             {manageable} {ergonomic}
     bool UseCompressedClassPointers               = true                           {product lp64_product} {ergonomic}
     bool UseCompressedOops                        = true                           {product lp64_product} {ergonomic}
     bool UseG1GC                                  = true                                      {product} {ergonomic}
     bool UseNUMA                                  = false                                     {product} {ergonomic}
     bool UseNUMAInterleaving                      = false                                     {product} {ergonomic}

Logging:
Log output configuration:
 #0: stdout all=warning uptime,level,tags
 #1: stderr all=off uptime,level,tags

Environment Variables:
PATH=/usr/local/bin:/usr/bin:/bin:/usr/sbin:/sbin:/usr/local/share/dotnet:~/.dotnet/tools:/Library/Apple/usr/bin:/Library/Frameworks/Mono.framework/Versions/Current/Commands:/Applications/Postgres.app/Contents/Versions/latest/bin:/Users/user/Flutter/flutter/bin:/Users/user/Library/Python/3.7/bin:/Users/user/.local/bin:/Users/user/Library/Python/3.10/bin
SHELL=/bin/bash
LC_CTYPE=ru_RU.UTF-8

Signal Handlers:
   SIGSEGV: crash_handler in libjvm.dylib, mask=11100110000111110111111111111111, flags=SA_RESTART|SA_SIGINFO
    SIGBUS: crash_handler in libjvm.dylib, mask=11100110000111110111111111111111, flags=SA_RESTART|SA_SIGINFO
    SIGFPE: crash_handler in libjvm.dylib, mask=11100110000111110111111111111111, flags=SA_RESTART|SA_SIGINFO
   SIGPIPE: javaSignalHandler in libjvm.dylib, mask=11100110000111110111111111111111, flags=SA_RESTART|SA_SIGINFO
   SIGXFSZ: javaSignalHandler in libjvm.dylib, mask=11100110000111110111111111111111, flags=SA_RESTART|SA_SIGINFO
    SIGILL: crash_handler in libjvm.dylib, mask=11100110000111110111111111111111, flags=SA_RESTART|SA_SIGINFO
   SIGUSR2: SR_handler in libjvm.dylib, mask=00100000000000000000000000000000, flags=SA_RESTART|SA_SIGINFO
    SIGHUP: UserHandler in libjvm.dylib, mask=11100110000111110111111111111111, flags=SA_RESTART|SA_SIGINFO
    SIGINT: UserHandler in libjvm.dylib, mask=11100110000111110111111111111111, flags=SA_RESTART|SA_SIGINFO
   SIGTERM: UserHandler in libjvm.dylib, mask=11100110000111110111111111111111, flags=SA_RESTART|SA_SIGINFO
   SIGQUIT: UserHandler in libjvm.dylib, mask=11100110000111110111111111111111, flags=SA_RESTART|SA_SIGINFO
   SIGTRAP: crash_handler in libjvm.dylib, mask=11100110000111110111111111111111, flags=SA_RESTART|SA_SIGINFO


---------------  S Y S T E M  ---------------

OS:
uname: Darwin 21.3.0 Darwin Kernel Version 21.3.0: Wed Jan  5 21:37:58 PST 2022; root:xnu-8019.80.24~20/RELEASE_X86_64 x86_64
OS uptime: 1 days 8:32 hours
rlimit (soft/hard): STACK 8192k/65532k , CORE 0k/infinity , NPROC 1392/2088 , NOFILE 10240/infinity , AS infinity/infinity , CPU infinity/infinity , DATA infinity/infinity , FSIZE infinity/infinity , MEMLOCK infinity/infinity , RSS infinity/infinity
load average: 2.74 2.35 2.34

CPU: total 4 (initial active 4) (2 cores per cpu, 2 threads per core) family 6 model 142 stepping 9 microcode 0xec, cx8, cmov, fxsr, ht, mmx, 3dnowpref, sse, sse2, sse3, ssse3, sse4.1, sse4.2, popcnt, lzcnt, tsc, tscinvbit, avx, avx2, aes, erms, clmul, bmi1, bmi2, rtm, adx, fma, vzeroupper, clflush, clflushopt

Memory: 4k page, physical 8388608k(282112k free), swap 2097152k(945152k free)

vm_info: OpenJDK 64-Bit Server VM (17.0.1+12-39) for bsd-amd64 JRE (17.0.1+12-39), built on Sep 27 2021 17:37:19 by "mach5one" with clang Apple LLVM 12.0.0 (clang-1200.0.32.29)

END.
